 IDB1:6=           0           0           1           0           7           0


 ============================= New case =============================
 --------- TYPE LOC  VALUE ------- Parameter Changes
 Changed>>   2   2   6144.             N2      N2    
 Changed>>   8   5   0.000     ./out/EurH
           1 =Run. New T52 file name= ./out/EurH.t52
Version 352 Europa test of eclipse and planetary load. 3 lats                       
KRCv3.5.5    RUN-CASE  1- 1   2018 Feb 20 18:08:33  PAGE=  1
 Input file: EurH.inp                                                                        
 Print file: EurH.prt                                                                        
 Save file: ./out/EurH.t52                                                                  
     ALBEDO     EMISS   INERTIA     COND2     DENS2    PERIOD  SpecHeat   DENSITY
     0.6700    1.0000  200.0000    2.7700  928.0000    3.5512  647.0000 1600.0000
       CABR       AMW    SatPrA    PTOTAL     FANON      TATM     TDEEP   SpHeat2
     0.1100   43.5000   27.9546    0.0010    0.0550  200.0000  180.0000 1711.0000
       TAUD     DUSTA    TAURAT     TWILI  ARC2/PHT     [ARC3     SLOPE    SLOAZI
     0.3000    0.9000    0.2500      0.00      0.00      0.80       0.0      45.0
     TFROST    CFROST    AFROST     FEMIS       AF1       AF2    FROEXT    SatPrB
   146.0000  589944.0    0.6500    0.9500   0.54000    0.0009   50.0000 3182.4800
       RLAY      FLAY     CONVF     DEPTH     DRSET    PhotoF       GGT     DTMAX
     1.1500    0.1000    3.0000    0.0000    0.0000    0.0020    0.1000    0.1000
       DJUL    DELJUL SOLAR DEC       DAU       L_S    SOLCON      GRAV    Atm_Cp
   7305.000   35.5118    0.0000   1.46500    0.0000 1368.0000    3.7270  735.9000
     ConUp0    ConUp1    ConUp2    ConUp3    ConLo0    ConLo1    ConLo2    ConLo3
     0.0386   -0.0021    0.0023   -0.0008    2.7667   -1.2990    0.6292   -0.5273
     SphUp0    SphUp1    SphUp2    SphUp3    SphLo0    SphLo1    SphLo2    SphLo3
   646.6275  246.6678  -49.8216    7.9520 1710.6480  721.8740   57.4487   24.3753
         N1        N2        N3        N4        N5       N24       IIB       IC2
         22      6144        15         3        20        96         0       999
      NRSET      NMHA      NRUN     JDISK     IDOWN    FlxP14    FlxP15     KPREF
          3        24         1        18         0        45        65         1
      K4OUT     JBARE     Notif    IDISK2
         -3      9999         5         0
     LP1    LP2    LP3    LP4    LP5    LP6 LPGLOB   LVFA   LVFT  LKofT
       F      T      F      F      F      F      F      F      F      F
   LPORB   LKEY    LSC  LZONE  LOCAL   LD16 LPTAVE  Prt78  Prt79  L_ONE
       T      F      F      F      T      F      F      T      F      F

 Latitudes: 
    0.00  30.00  60.00

 Elevations:
    0.00   0.00   0.00
LZONE,LALCON,JJH, IK1:4=  F  T   999     1     0     0     0
 Time-doubling fraction:  0.15848215    
 1.035E+06=Dens*Cp   3.733E-08=Diffu.      0.0604=Scale      200.00=Inertia
         ___THICKNESS____    __CENTER_DEPTH__  Conductiv. Density Sp.Heat     Total Converg.
 LAYER  D_scale     meter   D_scale     meter      W/m-K   kg/m^3   J/kg     kg/m^2  factor
    1    0.0870    0.0053   -0.0435   -0.0026 0.3864E-01  1600.00  647.00     0.000   0.000
    2    0.1000    0.0060    0.0500    0.0030 0.3864E-01  1600.00  647.00     9.660   9.778
    3    0.1150    0.0069    0.1575    0.0095 0.3864E-01  1600.00  647.00    20.770  12.932
    4    0.1322    0.0080    0.2811    0.0170 0.3864E-01  1600.00  647.00    33.546   8.551
    5    0.1521    0.0092    0.4233    0.0256 0.3864E-01  1600.00  647.00    48.238   5.655
    6    0.1749    0.0106    0.5868    0.0354 0.3864E-01  1600.00  647.00    65.134   3.739
    7    0.2011    0.0121    0.7748    0.0468 0.3864E-01  1600.00  647.00    84.564   4.945
    8    0.2313    0.0140    0.9910    0.0598 0.3864E-01  1600.00  647.00   106.909   3.270
    9    0.2660    0.0161    1.2397    0.0748 0.3864E-01  1600.00  647.00   132.606   4.324
   10    0.3059    0.0185    1.5256    0.0921 0.3864E-01  1600.00  647.00   162.158   5.719
   11    0.3518    0.0212    1.8545    0.1120 0.3864E-01  1600.00  647.00   196.142   3.782
   12    0.4046    0.0244    2.2326    0.1348 0.3864E-01  1600.00  647.00   235.223   5.001
   13    0.4652    0.0281    2.6675    0.1611 0.3864E-01  1600.00  647.00   280.167   3.307
   14    0.5350    0.0323    3.1677    0.1913 0.3864E-01  1600.00  647.00   331.852   4.374
   15    0.6153    0.0371    3.7428    0.2260 0.3864E-01  1600.00  647.00   391.291   5.784
   16    0.7076    0.0427    4.4043    0.2659 0.3864E-01  1600.00  647.00   459.645   3.825
   17    0.8137    0.0491    5.1649    0.3118 0.3864E-01  1600.00  647.00   538.252   5.058
   18    0.9358    0.0565    6.0396    0.3647 0.3864E-01  1600.00  647.00   628.650   3.345
   19    1.0761    0.0650    7.0456    0.4254 0.3864E-01  1600.00  647.00   732.608   4.423
   20    1.2375    0.0747    8.2024    0.4952 0.3864E-01  1600.00  647.00   852.159   5.850
   21    1.4232    0.0859    9.5328    0.5756 0.3864E-01  1600.00  647.00   989.644   3.868
   22    1.6367    0.0988   11.0627    0.6679 0.3864E-01  1600.00  647.00  1147.750   5.116
 Bottom                     11.8810    0.7173
 Lower layer of time doubling:   3  4  5  7 10 12 15 17 20 22
 IDX= 4  JJJ=    5   96    7    3    4    0    0    5   25    0
 MMM=          96         672        2016        6048           0           0
 KOMMON,KASE=    10000000        8064
 RASE,MASE,MTOT=   1240.0793            1240     9999360
     0.191 seconds at end of season   20 of   20
 Case  1  DTIME: total, user, system=    0.1920    0.1910    0.0010


 ============================= New case =============================
 --------- TYPE LOC  VALUE ------- Parameter Changes
 Changed>>   1  23   30.00          Slope    SLOPE   
Version 352 Europa test of eclipse and planetary load. 3 lats                       
KRCv3.5.5    RUN-CASE  1- 2   2018 Feb 20 18:08:33  PAGE=  2
 Input file: EurH.inp                                                                        
 Print file: EurH.prt                                                                        
 Save file: ./out/EurH.t52                                                                  
     ALBEDO     EMISS   INERTIA     COND2     DENS2    PERIOD  SpecHeat   DENSITY
     0.6700    1.0000  200.0000    2.7700  928.0000    3.5512  647.0000 1600.0000
       CABR       AMW    SatPrA    PTOTAL     FANON      TATM     TDEEP   SpHeat2
     0.1100   43.5000   27.9546    0.0010    0.0550  200.0000  180.0000 1711.0000
       TAUD     DUSTA    TAURAT     TWILI  ARC2/PHT     [ARC3     SLOPE    SLOAZI
     0.3000    0.9000    0.2500      0.00      0.00      0.80      30.0      45.0
     TFROST    CFROST    AFROST     FEMIS       AF1       AF2    FROEXT    SatPrB
   146.0000  589944.0    0.6500    0.9500   0.54000    0.0009   50.0000 3182.4800
       RLAY      FLAY     CONVF     DEPTH     DRSET    PhotoF       GGT     DTMAX
     1.1500    0.1000    3.0000    0.0000    0.0000    0.0020    0.1000    0.1000
       DJUL    DELJUL SOLAR DEC       DAU       L_S    SOLCON      GRAV    Atm_Cp
   7305.000   35.5118    0.8894   5.00771   16.6669 1368.0000    3.7270  735.9000
     ConUp0    ConUp1    ConUp2    ConUp3    ConLo0    ConLo1    ConLo2    ConLo3
     0.0386   -0.0021    0.0023   -0.0008    2.7667   -1.2990    0.6292   -0.5273
     SphUp0    SphUp1    SphUp2    SphUp3    SphLo0    SphLo1    SphLo2    SphLo3
   646.6275  246.6678  -49.8216    7.9520 1710.6480  721.8740   57.4487   24.3753
         N1        N2        N3        N4        N5       N24       IIB       IC2
         22      6144        15         3        20        96         0       999
      NRSET      NMHA      NRUN     JDISK     IDOWN    FlxP14    FlxP15     KPREF
          3        24         1        18         0        45        65         1
      K4OUT     JBARE     Notif    IDISK2
         -3      9999         5         0
     LP1    LP2    LP3    LP4    LP5    LP6 LPGLOB   LVFA   LVFT  LKofT
       F      T      F      F      F      F      F      F      F      F
   LPORB   LKEY    LSC  LZONE  LOCAL   LD16 LPTAVE  Prt78  Prt79  L_ONE
       T      F      F      F      T      F      F      T      F      F

 Latitudes: 
    0.00  30.00  60.00

 Elevations:
    0.00   0.00   0.00
LZONE,LALCON,JJH, IK1:4=  F  T   999     1     0     0     0
 Time-doubling fraction:  0.15848215    
 1.035E+06=Dens*Cp   3.733E-08=Diffu.      0.0604=Scale      200.00=Inertia
         ___THICKNESS____    __CENTER_DEPTH__  Conductiv. Density Sp.Heat     Total Converg.
 LAYER  D_scale     meter   D_scale     meter      W/m-K   kg/m^3   J/kg     kg/m^2  factor
    1    0.0870    0.0053   -0.0435   -0.0026 0.3864E-01  1600.00  647.00     0.000   0.000
    2    0.1000    0.0060    0.0500    0.0030 0.3864E-01  1600.00  647.00     9.660   9.778
    3    0.1150    0.0069    0.1575    0.0095 0.3864E-01  1600.00  647.00    20.770  12.932
    4    0.1322    0.0080    0.2811    0.0170 0.3864E-01  1600.00  647.00    33.546   8.551
    5    0.1521    0.0092    0.4233    0.0256 0.3864E-01  1600.00  647.00    48.238   5.655
    6    0.1749    0.0106    0.5868    0.0354 0.3864E-01  1600.00  647.00    65.134   3.739
    7    0.2011    0.0121    0.7748    0.0468 0.3864E-01  1600.00  647.00    84.564   4.945
    8    0.2313    0.0140    0.9910    0.0598 0.3864E-01  1600.00  647.00   106.909   3.270
    9    0.2660    0.0161    1.2397    0.0748 0.3864E-01  1600.00  647.00   132.606   4.324
   10    0.3059    0.0185    1.5256    0.0921 0.3864E-01  1600.00  647.00   162.158   5.719
   11    0.3518    0.0212    1.8545    0.1120 0.3864E-01  1600.00  647.00   196.142   3.782
   12    0.4046    0.0244    2.2326    0.1348 0.3864E-01  1600.00  647.00   235.223   5.001
   13    0.4652    0.0281    2.6675    0.1611 0.3864E-01  1600.00  647.00   280.167   3.307
   14    0.5350    0.0323    3.1677    0.1913 0.3864E-01  1600.00  647.00   331.852   4.374
   15    0.6153    0.0371    3.7428    0.2260 0.3864E-01  1600.00  647.00   391.291   5.784
   16    0.7076    0.0427    4.4043    0.2659 0.3864E-01  1600.00  647.00   459.645   3.825
   17    0.8137    0.0491    5.1649    0.3118 0.3864E-01  1600.00  647.00   538.252   5.058
   18    0.9358    0.0565    6.0396    0.3647 0.3864E-01  1600.00  647.00   628.650   3.345
   19    1.0761    0.0650    7.0456    0.4254 0.3864E-01  1600.00  647.00   732.608   4.423
   20    1.2375    0.0747    8.2024    0.4952 0.3864E-01  1600.00  647.00   852.159   5.850
   21    1.4232    0.0859    9.5328    0.5756 0.3864E-01  1600.00  647.00   989.644   3.868
   22    1.6367    0.0988   11.0627    0.6679 0.3864E-01  1600.00  647.00  1147.750   5.116
 Bottom                     11.8810    0.7173
 Lower layer of time doubling:   3  4  5  7 10 12 15 17 20 22
     0.187 seconds at end of season   20 of   20
 Case  2  DTIME: total, user, system=    0.1880    0.1880    0.0000


 ============================= New case =============================
 --------- TYPE LOC  VALUE ------- Parameter Changes
 Changed>>   1  23   0.000          Slope    SLOPE   
 TCARD: 7-fluxes  0.15600       0.0000       0.0000      0.46400    
                  0.46400       0.0000       12.000    
Version 352 Europa test of eclipse and planetary load. 3 lats                       
KRCv3.5.5    RUN-CASE  1- 3   2018 Feb 20 18:08:33  PAGE=  3
 Input file: EurH.inp                                                                        
 Print file: EurH.prt                                                                        
 Save file: ./out/EurH.t52                                                                  
     ALBEDO     EMISS   INERTIA     COND2     DENS2    PERIOD  SpecHeat   DENSITY
     0.6700    1.0000  200.0000    2.7700  928.0000    3.5512  647.0000 1600.0000
       CABR       AMW    SatPrA    PTOTAL     FANON      TATM     TDEEP   SpHeat2
     0.1100   43.5000   27.9546    0.0010    0.0550  200.0000  180.0000 1711.0000
       TAUD     DUSTA    TAURAT     TWILI  ARC2/PHT     [ARC3     SLOPE    SLOAZI
     0.3000    0.9000    0.2500      0.00      0.00      0.80       0.0      45.0
     TFROST    CFROST    AFROST     FEMIS       AF1       AF2    FROEXT    SatPrB
   146.0000  589944.0    0.6500    0.9500   0.54000    0.0009   50.0000 3182.4800
       RLAY      FLAY     CONVF     DEPTH     DRSET    PhotoF       GGT     DTMAX
     1.1500    0.1000    3.0000    0.0000    0.0000    0.0020    0.1000    0.1000
       DJUL    DELJUL SOLAR DEC       DAU       L_S    SOLCON      GRAV    Atm_Cp
   7305.000   35.5118    0.8894   5.00771   16.6669 1368.0000    3.7270  735.9000
     ConUp0    ConUp1    ConUp2    ConUp3    ConLo0    ConLo1    ConLo2    ConLo3
     0.0386   -0.0021    0.0023   -0.0008    2.7667   -1.2990    0.6292   -0.5273
     SphUp0    SphUp1    SphUp2    SphUp3    SphLo0    SphLo1    SphLo2    SphLo3
   646.6275  246.6678  -49.8216    7.9520 1710.6480  721.8740   57.4487   24.3753
         N1        N2        N3        N4        N5       N24       IIB       IC2
         22      6144        15         3        20        96         0       999
      NRSET      NMHA      NRUN     JDISK     IDOWN    FlxP14    FlxP15     KPREF
          3        24         1        18         0        45        65         1
      K4OUT     JBARE     Notif    IDISK2
         -3      9999         5         0
     LP1    LP2    LP3    LP4    LP5    LP6 LPGLOB   LVFA   LVFT  LKofT
       F      T      F      F      F      F      F      F      F      F
   LPORB   LKEY    LSC  LZONE  LOCAL   LD16 LPTAVE  Prt78  Prt79  L_ONE
       T      F      F      F      T      F      F      T      F      F

 Latitudes: 
    0.00  30.00  60.00

 Elevations:
    0.00   0.00   0.00
 Eclipse or PlanHeat on     0.000     0.156
LZONE,LALCON,JJH, IK1:4=  F  T   999     1     0     0     0
 Time-doubling fraction:  0.15848215    
 1.035E+06=Dens*Cp   3.733E-08=Diffu.      0.0604=Scale      200.00=Inertia
         ___THICKNESS____    __CENTER_DEPTH__  Conductiv. Density Sp.Heat     Total Converg.
 LAYER  D_scale     meter   D_scale     meter      W/m-K   kg/m^3   J/kg     kg/m^2  factor
    1    0.0870    0.0053   -0.0435   -0.0026 0.3864E-01  1600.00  647.00     0.000   0.000
    2    0.1000    0.0060    0.0500    0.0030 0.3864E-01  1600.00  647.00     9.660   9.778
    3    0.1150    0.0069    0.1575    0.0095 0.3864E-01  1600.00  647.00    20.770  12.932
    4    0.1322    0.0080    0.2811    0.0170 0.3864E-01  1600.00  647.00    33.546   8.551
    5    0.1521    0.0092    0.4233    0.0256 0.3864E-01  1600.00  647.00    48.238   5.655
    6    0.1749    0.0106    0.5868    0.0354 0.3864E-01  1600.00  647.00    65.134   3.739
    7    0.2011    0.0121    0.7748    0.0468 0.3864E-01  1600.00  647.00    84.564   4.945
    8    0.2313    0.0140    0.9910    0.0598 0.3864E-01  1600.00  647.00   106.909   3.270
    9    0.2660    0.0161    1.2397    0.0748 0.3864E-01  1600.00  647.00   132.606   4.324
   10    0.3059    0.0185    1.5256    0.0921 0.3864E-01  1600.00  647.00   162.158   5.719
   11    0.3518    0.0212    1.8545    0.1120 0.3864E-01  1600.00  647.00   196.142   3.782
   12    0.4046    0.0244    2.2326    0.1348 0.3864E-01  1600.00  647.00   235.223   5.001
   13    0.4652    0.0281    2.6675    0.1611 0.3864E-01  1600.00  647.00   280.167   3.307
   14    0.5350    0.0323    3.1677    0.1913 0.3864E-01  1600.00  647.00   331.852   4.374
   15    0.6153    0.0371    3.7428    0.2260 0.3864E-01  1600.00  647.00   391.291   5.784
   16    0.7076    0.0427    4.4043    0.2659 0.3864E-01  1600.00  647.00   459.645   3.825
   17    0.8137    0.0491    5.1649    0.3118 0.3864E-01  1600.00  647.00   538.252   5.058
   18    0.9358    0.0565    6.0396    0.3647 0.3864E-01  1600.00  647.00   628.650   3.345
   19    1.0761    0.0650    7.0456    0.4254 0.3864E-01  1600.00  647.00   732.608   4.423
   20    1.2375    0.0747    8.2024    0.4952 0.3864E-01  1600.00  647.00   852.159   5.850
   21    1.4232    0.0859    9.5328    0.5756 0.3864E-01  1600.00  647.00   989.644   3.868
   22    1.6367    0.0988   11.0627    0.6679 0.3864E-01  1600.00  647.00  1147.750   5.116
 Bottom                     11.8810    0.7173
 Lower layer of time doubling:   3  4  5  7 10 12 15 17 20 22
     0.258 seconds at end of season   20 of   20
 Case  3  DTIME: total, user, system=    0.2580    0.2580    0.0000


 ============================= New case =============================
 --------- TYPE LOC  VALUE ------- Parameter Changes
 Changed>>   2   7   100.0            IIB      IIB   
Version 352 Europa test of eclipse and planetary load. 3 lats                       
KRCv3.5.5    RUN-CASE  1- 4   2018 Feb 20 18:08:33  PAGE=  4
 Input file: EurH.inp                                                                        
 Print file: EurH.prt                                                                        
 Save file: ./out/EurH.t52                                                                  
     ALBEDO     EMISS   INERTIA     COND2     DENS2    PERIOD  SpecHeat   DENSITY
     0.6700    1.0000  200.0000    2.7700  928.0000    3.5512  647.0000 1600.0000
       CABR       AMW    SatPrA    PTOTAL     FANON      TATM     TDEEP   SpHeat2
     0.1100   43.5000   27.9546    0.0010    0.0550  200.0000  180.0000 1711.0000
       TAUD     DUSTA    TAURAT     TWILI  ARC2/PHT     [ARC3     SLOPE    SLOAZI
     0.3000    0.9000    0.2500      0.00      0.00      0.80       0.0      45.0
     TFROST    CFROST    AFROST     FEMIS       AF1       AF2    FROEXT    SatPrB
   146.0000  589944.0    0.6500    0.9500   0.54000    0.0009   50.0000 3182.4800
       RLAY      FLAY     CONVF     DEPTH     DRSET    PhotoF       GGT     DTMAX
     1.1500    0.1000    3.0000    0.0000    0.0000    0.0020    0.1000    0.1000
       DJUL    DELJUL SOLAR DEC       DAU       L_S    SOLCON      GRAV    Atm_Cp
   7305.000   35.5118    0.8894   5.00771   16.6669 1368.0000    3.7270  735.9000
     ConUp0    ConUp1    ConUp2    ConUp3    ConLo0    ConLo1    ConLo2    ConLo3
     0.0386   -0.0021    0.0023   -0.0008    2.7667   -1.2990    0.6292   -0.5273
     SphUp0    SphUp1    SphUp2    SphUp3    SphLo0    SphLo1    SphLo2    SphLo3
   646.6275  246.6678  -49.8216    7.9520 1710.6480  721.8740   57.4487   24.3753
         N1        N2        N3        N4        N5       N24       IIB       IC2
         22      6144        15         3        20        96       100       999
      NRSET      NMHA      NRUN     JDISK     IDOWN    FlxP14    FlxP15     KPREF
          3        24         1        18         0        45        65         1
      K4OUT     JBARE     Notif    IDISK2
         -3      9999         5         0
     LP1    LP2    LP3    LP4    LP5    LP6 LPGLOB   LVFA   LVFT  LKofT
       F      T      F      F      F      F      F      F      F      F
   LPORB   LKEY    LSC  LZONE  LOCAL   LD16 LPTAVE  Prt78  Prt79  L_ONE
       T      F      F      F      T      F      F      T      F      F

 Latitudes: 
    0.00  30.00  60.00

 Elevations:
    0.00   0.00   0.00
 Eclipse or PlanHeat on     0.000     0.156
LZONE,LALCON,JJH, IK1:4=  F  T   999     1     0     0     0
 Time-doubling fraction:  0.15848215    
IIB:TGHF=    100 0.21246     0.38640E-01 0.27492    
 1.035E+06=Dens*Cp   3.733E-08=Diffu.      0.0604=Scale      200.00=Inertia
         ___THICKNESS____    __CENTER_DEPTH__  Conductiv. Density Sp.Heat     Total Converg.
 LAYER  D_scale     meter   D_scale     meter      W/m-K   kg/m^3   J/kg     kg/m^2  factor
    1    0.0870    0.0053   -0.0435   -0.0026 0.3864E-01  1600.00  647.00     0.000   0.000
    2    0.1000    0.0060    0.0500    0.0030 0.3864E-01  1600.00  647.00     9.660   9.778
    3    0.1150    0.0069    0.1575    0.0095 0.3864E-01  1600.00  647.00    20.770  12.932
    4    0.1322    0.0080    0.2811    0.0170 0.3864E-01  1600.00  647.00    33.546   8.551
    5    0.1521    0.0092    0.4233    0.0256 0.3864E-01  1600.00  647.00    48.238   5.655
    6    0.1749    0.0106    0.5868    0.0354 0.3864E-01  1600.00  647.00    65.134   3.739
    7    0.2011    0.0121    0.7748    0.0468 0.3864E-01  1600.00  647.00    84.564   4.945
    8    0.2313    0.0140    0.9910    0.0598 0.3864E-01  1600.00  647.00   106.909   3.270
    9    0.2660    0.0161    1.2397    0.0748 0.3864E-01  1600.00  647.00   132.606   4.324
   10    0.3059    0.0185    1.5256    0.0921 0.3864E-01  1600.00  647.00   162.158   5.719
   11    0.3518    0.0212    1.8545    0.1120 0.3864E-01  1600.00  647.00   196.142   3.782
   12    0.4046    0.0244    2.2326    0.1348 0.3864E-01  1600.00  647.00   235.223   5.001
   13    0.4652    0.0281    2.6675    0.1611 0.3864E-01  1600.00  647.00   280.167   3.307
   14    0.5350    0.0323    3.1677    0.1913 0.3864E-01  1600.00  647.00   331.852   4.374
   15    0.6153    0.0371    3.7428    0.2260 0.3864E-01  1600.00  647.00   391.291   5.784
   16    0.7076    0.0427    4.4043    0.2659 0.3864E-01  1600.00  647.00   459.645   3.825
   17    0.8137    0.0491    5.1649    0.3118 0.3864E-01  1600.00  647.00   538.252   5.058
   18    0.9358    0.0565    6.0396    0.3647 0.3864E-01  1600.00  647.00   628.650   3.345
   19    1.0761    0.0650    7.0456    0.4254 0.3864E-01  1600.00  647.00   732.608   4.423
   20    1.2375    0.0747    8.2024    0.4952 0.3864E-01  1600.00  647.00   852.159   5.850
   21    1.4232    0.0859    9.5328    0.5756 0.3864E-01  1600.00  647.00   989.644   3.868
   22    1.6367    0.0988   11.0627    0.6679 0.3864E-01  1600.00  647.00  1147.750   5.116
 Bottom                     11.8810    0.7173
 Lower layer of time doubling:   3  4  5  7 10 12 15 17 20 22
     0.258 seconds at end of season   20 of   20
 Case  4  DTIME: total, user, system=    0.2590    0.2590    0.0000


 ============================= New case =============================
 --------- TYPE LOC  VALUE ------- Parameter Changes
 TCARD: 12-eclip   1.000       5.203      0.7149E+05  0.6711E+06   3122.       3.551    
                   0.000       7500.       12.00       1.000       60.00       3.551    
Version 352 Europa test of eclipse and planetary load. 3 lats                       
KRCv3.5.5    RUN-CASE  1- 5   2018 Feb 20 18:08:33  PAGE=  5
 Input file: EurH.inp                                                                        
 Print file: EurH.prt                                                                        
 Save file: ./out/EurH.t52                                                                  
     ALBEDO     EMISS   INERTIA     COND2     DENS2    PERIOD  SpecHeat   DENSITY
     0.6700    1.0000  200.0000    2.7700  928.0000    3.5512  647.0000 1600.0000
       CABR       AMW    SatPrA    PTOTAL     FANON      TATM     TDEEP   SpHeat2
     0.1100   43.5000   27.9546    0.0010    0.0550  200.0000  180.0000 1711.0000
       TAUD     DUSTA    TAURAT     TWILI  ARC2/PHT     [ARC3     SLOPE    SLOAZI
     0.3000    0.9000    0.2500      0.00      0.00      0.80       0.0      45.0
     TFROST    CFROST    AFROST     FEMIS       AF1       AF2    FROEXT    SatPrB
   146.0000  589944.0    0.6500    0.9500   0.54000    0.0009   50.0000 3182.4800
       RLAY      FLAY     CONVF     DEPTH     DRSET    PhotoF       GGT     DTMAX
     1.1500    0.1000    3.0000    0.0000    0.0000    0.0020    0.1000    0.1000
       DJUL    DELJUL SOLAR DEC       DAU       L_S    SOLCON      GRAV    Atm_Cp
   7305.000   35.5118    0.8894   5.00771   16.6669 1368.0000    3.7270  735.9000
     ConUp0    ConUp1    ConUp2    ConUp3    ConLo0    ConLo1    ConLo2    ConLo3
     0.0386   -0.0021    0.0023   -0.0008    2.7667   -1.2990    0.6292   -0.5273
     SphUp0    SphUp1    SphUp2    SphUp3    SphLo0    SphLo1    SphLo2    SphLo3
   646.6275  246.6678  -49.8216    7.9520 1710.6480  721.8740   57.4487   24.3753
         N1        N2        N3        N4        N5       N24       IIB       IC2
         22      6144        15         3        20        96       100       999
      NRSET      NMHA      NRUN     JDISK     IDOWN    FlxP14    FlxP15     KPREF
          3        24         1        18         0        45        65         1
      K4OUT     JBARE     Notif    IDISK2
         -3      9999         5         0
     LP1    LP2    LP3    LP4    LP5    LP6 LPGLOB   LVFA   LVFT  LKofT
       F      T      F      F      F      F      F      F      F      F
   LPORB   LKEY    LSC  LZONE  LOCAL   LD16 LPTAVE  Prt78  Prt79  L_ONE
       T      F      F      F      T      F      F      T      F      F

 Latitudes: 
    0.00  30.00  60.00

 Elevations:
    0.00   0.00   0.00
 Eclipse or PlanHeat on     1.000     0.156
LZONE,LALCON,JJH, IK1:4=  F  T   999     1     0     0     0
 Time-doubling fraction:  0.15848215    
IIB:TGHF=    100 0.21246     0.38640E-01 0.27492    
 1.035E+06=Dens*Cp   3.733E-08=Diffu.      0.0604=Scale      200.00=Inertia
         ___THICKNESS____    __CENTER_DEPTH__  Conductiv. Density Sp.Heat     Total Converg.
 LAYER  D_scale     meter   D_scale     meter      W/m-K   kg/m^3   J/kg     kg/m^2  factor
    1    0.0870    0.0053   -0.0435   -0.0026 0.3864E-01  1600.00  647.00     0.000   0.000
    2    0.1000    0.0060    0.0500    0.0030 0.3864E-01  1600.00  647.00     9.660   9.778
    3    0.1150    0.0069    0.1575    0.0095 0.3864E-01  1600.00  647.00    20.770  12.932
    4    0.1322    0.0080    0.2811    0.0170 0.3864E-01  1600.00  647.00    33.546   8.551
    5    0.1521    0.0092    0.4233    0.0256 0.3864E-01  1600.00  647.00    48.238   5.655
    6    0.1749    0.0106    0.5868    0.0354 0.3864E-01  1600.00  647.00    65.134   3.739
    7    0.2011    0.0121    0.7748    0.0468 0.3864E-01  1600.00  647.00    84.564   4.945
    8    0.2313    0.0140    0.9910    0.0598 0.3864E-01  1600.00  647.00   106.909   3.270
    9    0.2660    0.0161    1.2397    0.0748 0.3864E-01  1600.00  647.00   132.606   4.324
   10    0.3059    0.0185    1.5256    0.0921 0.3864E-01  1600.00  647.00   162.158   5.719
   11    0.3518    0.0212    1.8545    0.1120 0.3864E-01  1600.00  647.00   196.142   3.782
   12    0.4046    0.0244    2.2326    0.1348 0.3864E-01  1600.00  647.00   235.223   5.001
   13    0.4652    0.0281    2.6675    0.1611 0.3864E-01  1600.00  647.00   280.167   3.307
   14    0.5350    0.0323    3.1677    0.1913 0.3864E-01  1600.00  647.00   331.852   4.374
   15    0.6153    0.0371    3.7428    0.2260 0.3864E-01  1600.00  647.00   391.291   5.784
   16    0.7076    0.0427    4.4043    0.2659 0.3864E-01  1600.00  647.00   459.645   3.825
   17    0.8137    0.0491    5.1649    0.3118 0.3864E-01  1600.00  647.00   538.252   5.058
   18    0.9358    0.0565    6.0396    0.3647 0.3864E-01  1600.00  647.00   628.650   3.345
   19    1.0761    0.0650    7.0456    0.4254 0.3864E-01  1600.00  647.00   732.608   4.423
   20    1.2375    0.0747    8.2024    0.4952 0.3864E-01  1600.00  647.00   852.159   5.850
   21    1.4232    0.0859    9.5328    0.5756 0.3864E-01  1600.00  647.00   989.644   3.868
   22    1.6367    0.0988   11.0627    0.6679 0.3864E-01  1600.00  647.00  1147.750   5.116
 Bottom                     11.8810    0.7173
 Lower layer of time doubling:   3  4  5  7 10 12 15 17 20 22
     0.269 seconds at end of season   20 of   20
 Case  5  DTIME: total, user, system=    0.2700    0.2700    0.0000


 ============================= New case =============================
 --------- TYPE LOC  VALUE ------- Parameter Changes
 Changed>>   2   7   0.000            IIB      IIB   
Version 352 Europa test of eclipse and planetary load. 3 lats                       
KRCv3.5.5    RUN-CASE  1- 6   2018 Feb 20 18:08:33  PAGE=  6
 Input file: EurH.inp                                                                        
 Print file: EurH.prt                                                                        
 Save file: ./out/EurH.t52                                                                  
     ALBEDO     EMISS   INERTIA     COND2     DENS2    PERIOD  SpecHeat   DENSITY
     0.6700    1.0000  200.0000    2.7700  928.0000    3.5512  647.0000 1600.0000
       CABR       AMW    SatPrA    PTOTAL     FANON      TATM     TDEEP   SpHeat2
     0.1100   43.5000   27.9546    0.0010    0.0550  200.0000  180.0000 1711.0000
       TAUD     DUSTA    TAURAT     TWILI  ARC2/PHT     [ARC3     SLOPE    SLOAZI
     0.3000    0.9000    0.2500      0.00      0.00      0.80       0.0      45.0
     TFROST    CFROST    AFROST     FEMIS       AF1       AF2    FROEXT    SatPrB
   146.0000  589944.0    0.6500    0.9500   0.54000    0.0009   50.0000 3182.4800
       RLAY      FLAY     CONVF     DEPTH     DRSET    PhotoF       GGT     DTMAX
     1.1500    0.1000    3.0000    0.0000    0.0000    0.0020    0.1000    0.1000
       DJUL    DELJUL SOLAR DEC       DAU       L_S    SOLCON      GRAV    Atm_Cp
   7305.000   35.5118    0.8894   5.00771   16.6669 1368.0000    3.7270  735.9000
     ConUp0    ConUp1    ConUp2    ConUp3    ConLo0    ConLo1    ConLo2    ConLo3
     0.0386   -0.0021    0.0023   -0.0008    2.7667   -1.2990    0.6292   -0.5273
     SphUp0    SphUp1    SphUp2    SphUp3    SphLo0    SphLo1    SphLo2    SphLo3
   646.6275  246.6678  -49.8216    7.9520 1710.6480  721.8740   57.4487   24.3753
         N1        N2        N3        N4        N5       N24       IIB       IC2
         22      6144        15         3        20        96         0       999
      NRSET      NMHA      NRUN     JDISK     IDOWN    FlxP14    FlxP15     KPREF
          3        24         1        18         0        45        65         1
      K4OUT     JBARE     Notif    IDISK2
         -3      9999         5         0
     LP1    LP2    LP3    LP4    LP5    LP6 LPGLOB   LVFA   LVFT  LKofT
       F      T      F      F      F      F      F      F      F      F
   LPORB   LKEY    LSC  LZONE  LOCAL   LD16 LPTAVE  Prt78  Prt79  L_ONE
       T      F      F      F      T      F      F      T      F      F

 Latitudes: 
    0.00  30.00  60.00

 Elevations:
    0.00   0.00   0.00
 Eclipse or PlanHeat on     1.000     0.156
LZONE,LALCON,JJH, IK1:4=  F  T   999     1     0     0     0
 Time-doubling fraction:  0.15848215    
 1.035E+06=Dens*Cp   3.733E-08=Diffu.      0.0604=Scale      200.00=Inertia
         ___THICKNESS____    __CENTER_DEPTH__  Conductiv. Density Sp.Heat     Total Converg.
 LAYER  D_scale     meter   D_scale     meter      W/m-K   kg/m^3   J/kg     kg/m^2  factor
    1    0.0870    0.0053   -0.0435   -0.0026 0.3864E-01  1600.00  647.00     0.000   0.000
    2    0.1000    0.0060    0.0500    0.0030 0.3864E-01  1600.00  647.00     9.660   9.778
    3    0.1150    0.0069    0.1575    0.0095 0.3864E-01  1600.00  647.00    20.770  12.932
    4    0.1322    0.0080    0.2811    0.0170 0.3864E-01  1600.00  647.00    33.546   8.551
    5    0.1521    0.0092    0.4233    0.0256 0.3864E-01  1600.00  647.00    48.238   5.655
    6    0.1749    0.0106    0.5868    0.0354 0.3864E-01  1600.00  647.00    65.134   3.739
    7    0.2011    0.0121    0.7748    0.0468 0.3864E-01  1600.00  647.00    84.564   4.945
    8    0.2313    0.0140    0.9910    0.0598 0.3864E-01  1600.00  647.00   106.909   3.270
    9    0.2660    0.0161    1.2397    0.0748 0.3864E-01  1600.00  647.00   132.606   4.324
   10    0.3059    0.0185    1.5256    0.0921 0.3864E-01  1600.00  647.00   162.158   5.719
   11    0.3518    0.0212    1.8545    0.1120 0.3864E-01  1600.00  647.00   196.142   3.782
   12    0.4046    0.0244    2.2326    0.1348 0.3864E-01  1600.00  647.00   235.223   5.001
   13    0.4652    0.0281    2.6675    0.1611 0.3864E-01  1600.00  647.00   280.167   3.307
   14    0.5350    0.0323    3.1677    0.1913 0.3864E-01  1600.00  647.00   331.852   4.374
   15    0.6153    0.0371    3.7428    0.2260 0.3864E-01  1600.00  647.00   391.291   5.784
   16    0.7076    0.0427    4.4043    0.2659 0.3864E-01  1600.00  647.00   459.645   3.825
   17    0.8137    0.0491    5.1649    0.3118 0.3864E-01  1600.00  647.00   538.252   5.058
   18    0.9358    0.0565    6.0396    0.3647 0.3864E-01  1600.00  647.00   628.650   3.345
   19    1.0761    0.0650    7.0456    0.4254 0.3864E-01  1600.00  647.00   732.608   4.423
   20    1.2375    0.0747    8.2024    0.4952 0.3864E-01  1600.00  647.00   852.159   5.850
   21    1.4232    0.0859    9.5328    0.5756 0.3864E-01  1600.00  647.00   989.644   3.868
   22    1.6367    0.0988   11.0627    0.6679 0.3864E-01  1600.00  647.00  1147.750   5.116
 Bottom                     11.8810    0.7173
 Lower layer of time doubling:   3  4  5  7 10 12 15 17 20 22
     0.270 seconds at end of season   20 of   20
 Case  6  DTIME: total, user, system=    0.2710    0.2700    0.0010


 ============================= New case =============================
 --------- TYPE LOC  VALUE ------- Parameter Changes
 TCARD: 12-eclip   1.000       5.203      0.7149E+05  0.6711E+06   3122.       3.551    
                   0.000       7500.       13.00       0.000       60.00       3.551    
Version 352 Europa test of eclipse and planetary load. 3 lats                       
KRCv3.5.5    RUN-CASE  1- 7   2018 Feb 20 18:08:33  PAGE=  7
 Input file: EurH.inp                                                                        
 Print file: EurH.prt                                                                        
 Save file: ./out/EurH.t52                                                                  
     ALBEDO     EMISS   INERTIA     COND2     DENS2    PERIOD  SpecHeat   DENSITY
     0.6700    1.0000  200.0000    2.7700  928.0000    3.5512  647.0000 1600.0000
       CABR       AMW    SatPrA    PTOTAL     FANON      TATM     TDEEP   SpHeat2
     0.1100   43.5000   27.9546    0.0010    0.0550  200.0000  180.0000 1711.0000
       TAUD     DUSTA    TAURAT     TWILI  ARC2/PHT     [ARC3     SLOPE    SLOAZI
     0.3000    0.9000    0.2500      0.00      0.00      0.80       0.0      45.0
     TFROST    CFROST    AFROST     FEMIS       AF1       AF2    FROEXT    SatPrB
   146.0000  589944.0    0.6500    0.9500   0.54000    0.0009   50.0000 3182.4800
       RLAY      FLAY     CONVF     DEPTH     DRSET    PhotoF       GGT     DTMAX
     1.1500    0.1000    3.0000    0.0000    0.0000    0.0020    0.1000    0.1000
       DJUL    DELJUL SOLAR DEC       DAU       L_S    SOLCON      GRAV    Atm_Cp
   7305.000   35.5118    0.8894   5.00771   16.6669 1368.0000    3.7270  735.9000
     ConUp0    ConUp1    ConUp2    ConUp3    ConLo0    ConLo1    ConLo2    ConLo3
     0.0386   -0.0021    0.0023   -0.0008    2.7667   -1.2990    0.6292   -0.5273
     SphUp0    SphUp1    SphUp2    SphUp3    SphLo0    SphLo1    SphLo2    SphLo3
   646.6275  246.6678  -49.8216    7.9520 1710.6480  721.8740   57.4487   24.3753
         N1        N2        N3        N4        N5       N24       IIB       IC2
         22      6144        15         3        20        96         0       999
      NRSET      NMHA      NRUN     JDISK     IDOWN    FlxP14    FlxP15     KPREF
          3        24         1        18         0        45        65         1
      K4OUT     JBARE     Notif    IDISK2
         -3      9999         5         0
     LP1    LP2    LP3    LP4    LP5    LP6 LPGLOB   LVFA   LVFT  LKofT
       F      T      F      F      F      F      F      F      F      F
   LPORB   LKEY    LSC  LZONE  LOCAL   LD16 LPTAVE  Prt78  Prt79  L_ONE
       T      F      F      F      T      F      F      T      F      F

 Latitudes: 
    0.00  30.00  60.00

 Elevations:
    0.00   0.00   0.00
 Eclipse or PlanHeat on     1.000     0.156
LZONE,LALCON,JJH, IK1:4=  F  T   999     1     0     0     0
 Time-doubling fraction:  0.15848215    
 1.035E+06=Dens*Cp   3.733E-08=Diffu.      0.0604=Scale      200.00=Inertia
         ___THICKNESS____    __CENTER_DEPTH__  Conductiv. Density Sp.Heat     Total Converg.
 LAYER  D_scale     meter   D_scale     meter      W/m-K   kg/m^3   J/kg     kg/m^2  factor
    1    0.0870    0.0053   -0.0435   -0.0026 0.3864E-01  1600.00  647.00     0.000   0.000
    2    0.1000    0.0060    0.0500    0.0030 0.3864E-01  1600.00  647.00     9.660   9.778
    3    0.1150    0.0069    0.1575    0.0095 0.3864E-01  1600.00  647.00    20.770  12.932
    4    0.1322    0.0080    0.2811    0.0170 0.3864E-01  1600.00  647.00    33.546   8.551
    5    0.1521    0.0092    0.4233    0.0256 0.3864E-01  1600.00  647.00    48.238   5.655
    6    0.1749    0.0106    0.5868    0.0354 0.3864E-01  1600.00  647.00    65.134   3.739
    7    0.2011    0.0121    0.7748    0.0468 0.3864E-01  1600.00  647.00    84.564   4.945
    8    0.2313    0.0140    0.9910    0.0598 0.3864E-01  1600.00  647.00   106.909   3.270
    9    0.2660    0.0161    1.2397    0.0748 0.3864E-01  1600.00  647.00   132.606   4.324
   10    0.3059    0.0185    1.5256    0.0921 0.3864E-01  1600.00  647.00   162.158   5.719
   11    0.3518    0.0212    1.8545    0.1120 0.3864E-01  1600.00  647.00   196.142   3.782
   12    0.4046    0.0244    2.2326    0.1348 0.3864E-01  1600.00  647.00   235.223   5.001
   13    0.4652    0.0281    2.6675    0.1611 0.3864E-01  1600.00  647.00   280.167   3.307
   14    0.5350    0.0323    3.1677    0.1913 0.3864E-01  1600.00  647.00   331.852   4.374
   15    0.6153    0.0371    3.7428    0.2260 0.3864E-01  1600.00  647.00   391.291   5.784
   16    0.7076    0.0427    4.4043    0.2659 0.3864E-01  1600.00  647.00   459.645   3.825
   17    0.8137    0.0491    5.1649    0.3118 0.3864E-01  1600.00  647.00   538.252   5.058
   18    0.9358    0.0565    6.0396    0.3647 0.3864E-01  1600.00  647.00   628.650   3.345
   19    1.0761    0.0650    7.0456    0.4254 0.3864E-01  1600.00  647.00   732.608   4.423
   20    1.2375    0.0747    8.2024    0.4952 0.3864E-01  1600.00  647.00   852.159   5.850
   21    1.4232    0.0859    9.5328    0.5756 0.3864E-01  1600.00  647.00   989.644   3.868
   22    1.6367    0.0988   11.0627    0.6679 0.3864E-01  1600.00  647.00  1147.750   5.116
 Bottom                     11.8810    0.7173
 Lower layer of time doubling:   3  4  5  7 10 12 15 17 20 22
     0.264 seconds at end of season   20 of   20
 Case  7  DTIME: total, user, system=    0.2650    0.2650    0.0000


 ============================= New case =============================
 --------- TYPE LOC  VALUE ------- Parameter Changes
 TCARD: 12-eclip   1.000       5.203      0.6685E+05  0.6711E+06   3122.       3.551    
                  0.6300       7500.       12.00       0.000       60.00       3.551    
Version 352 Europa test of eclipse and planetary load. 3 lats                       
KRCv3.5.5    RUN-CASE  1- 8   2018 Feb 20 18:08:33  PAGE=  8
 Input file: EurH.inp                                                                        
 Print file: EurH.prt                                                                        
 Save file: ./out/EurH.t52                                                                  
     ALBEDO     EMISS   INERTIA     COND2     DENS2    PERIOD  SpecHeat   DENSITY
     0.6700    1.0000  200.0000    2.7700  928.0000    3.5512  647.0000 1600.0000
       CABR       AMW    SatPrA    PTOTAL     FANON      TATM     TDEEP   SpHeat2
     0.1100   43.5000   27.9546    0.0010    0.0550  200.0000  180.0000 1711.0000
       TAUD     DUSTA    TAURAT     TWILI  ARC2/PHT     [ARC3     SLOPE    SLOAZI
     0.3000    0.9000    0.2500      0.00      0.00      0.80       0.0      45.0
     TFROST    CFROST    AFROST     FEMIS       AF1       AF2    FROEXT    SatPrB
   146.0000  589944.0    0.6500    0.9500   0.54000    0.0009   50.0000 3182.4800
       RLAY      FLAY     CONVF     DEPTH     DRSET    PhotoF       GGT     DTMAX
     1.1500    0.1000    3.0000    0.0000    0.0000    0.0020    0.1000    0.1000
       DJUL    DELJUL SOLAR DEC       DAU       L_S    SOLCON      GRAV    Atm_Cp
   7305.000   35.5118    0.8894   5.00771   16.6669 1368.0000    3.7270  735.9000
     ConUp0    ConUp1    ConUp2    ConUp3    ConLo0    ConLo1    ConLo2    ConLo3
     0.0386   -0.0021    0.0023   -0.0008    2.7667   -1.2990    0.6292   -0.5273
     SphUp0    SphUp1    SphUp2    SphUp3    SphLo0    SphLo1    SphLo2    SphLo3
   646.6275  246.6678  -49.8216    7.9520 1710.6480  721.8740   57.4487   24.3753
         N1        N2        N3        N4        N5       N24       IIB       IC2
         22      6144        15         3        20        96         0       999
      NRSET      NMHA      NRUN     JDISK     IDOWN    FlxP14    FlxP15     KPREF
          3        24         1        18         0        45        65         1
      K4OUT     JBARE     Notif    IDISK2
         -3      9999         5         0
     LP1    LP2    LP3    LP4    LP5    LP6 LPGLOB   LVFA   LVFT  LKofT
       F      T      F      F      F      F      F      F      F      F
   LPORB   LKEY    LSC  LZONE  LOCAL   LD16 LPTAVE  Prt78  Prt79  L_ONE
       T      F      F      F      T      F      F      T      F      F

 Latitudes: 
    0.00  30.00  60.00

 Elevations:
    0.00   0.00   0.00
 Eclipse or PlanHeat on     1.000     0.156
LZONE,LALCON,JJH, IK1:4=  F  T   999     1     0     0     0
 Time-doubling fraction:  0.15848215    
 1.035E+06=Dens*Cp   3.733E-08=Diffu.      0.0604=Scale      200.00=Inertia
         ___THICKNESS____    __CENTER_DEPTH__  Conductiv. Density Sp.Heat     Total Converg.
 LAYER  D_scale     meter   D_scale     meter      W/m-K   kg/m^3   J/kg     kg/m^2  factor
    1    0.0870    0.0053   -0.0435   -0.0026 0.3864E-01  1600.00  647.00     0.000   0.000
    2    0.1000    0.0060    0.0500    0.0030 0.3864E-01  1600.00  647.00     9.660   9.778
    3    0.1150    0.0069    0.1575    0.0095 0.3864E-01  1600.00  647.00    20.770  12.932
    4    0.1322    0.0080    0.2811    0.0170 0.3864E-01  1600.00  647.00    33.546   8.551
    5    0.1521    0.0092    0.4233    0.0256 0.3864E-01  1600.00  647.00    48.238   5.655
    6    0.1749    0.0106    0.5868    0.0354 0.3864E-01  1600.00  647.00    65.134   3.739
    7    0.2011    0.0121    0.7748    0.0468 0.3864E-01  1600.00  647.00    84.564   4.945
    8    0.2313    0.0140    0.9910    0.0598 0.3864E-01  1600.00  647.00   106.909   3.270
    9    0.2660    0.0161    1.2397    0.0748 0.3864E-01  1600.00  647.00   132.606   4.324
   10    0.3059    0.0185    1.5256    0.0921 0.3864E-01  1600.00  647.00   162.158   5.719
   11    0.3518    0.0212    1.8545    0.1120 0.3864E-01  1600.00  647.00   196.142   3.782
   12    0.4046    0.0244    2.2326    0.1348 0.3864E-01  1600.00  647.00   235.223   5.001
   13    0.4652    0.0281    2.6675    0.1611 0.3864E-01  1600.00  647.00   280.167   3.307
   14    0.5350    0.0323    3.1677    0.1913 0.3864E-01  1600.00  647.00   331.852   4.374
   15    0.6153    0.0371    3.7428    0.2260 0.3864E-01  1600.00  647.00   391.291   5.784
   16    0.7076    0.0427    4.4043    0.2659 0.3864E-01  1600.00  647.00   459.645   3.825
   17    0.8137    0.0491    5.1649    0.3118 0.3864E-01  1600.00  647.00   538.252   5.058
   18    0.9358    0.0565    6.0396    0.3647 0.3864E-01  1600.00  647.00   628.650   3.345
   19    1.0761    0.0650    7.0456    0.4254 0.3864E-01  1600.00  647.00   732.608   4.423
   20    1.2375    0.0747    8.2024    0.4952 0.3864E-01  1600.00  647.00   852.159   5.850
   21    1.4232    0.0859    9.5328    0.5756 0.3864E-01  1600.00  647.00   989.644   3.868
   22    1.6367    0.0988   11.0627    0.6679 0.3864E-01  1600.00  647.00  1147.750   5.116
 Bottom                     11.8810    0.7173
 Lower layer of time doubling:   3  4  5  7 10 12 15 17 20 22
     0.263 seconds at end of season   20 of   20
 Case  8  DTIME: total, user, system=    0.2630    0.2630    0.0000


 ============================= New case =============================
 --------- TYPE LOC  VALUE ------- Parameter Changes
 TCARD:16 Lat+name           1  00N
 Changed>>   2   7   100.0            IIB      IIB   
 TCARD: 12-eclip   3.000       5.203      0.7149E+05  0.6711E+06   3122.       3.551    
                   0.000       7500.       12.00       1.000       60.00       3.551    
Version 352 Europa test of eclipse and planetary load. 3 lats                       
KRCv3.5.5    RUN-CASE  1- 9   2018 Feb 20 18:08:33  PAGE=  9
 Input file: EurH.inp                                                                        
 Print file: EurH.prt                                                                        
 Save file: ./out/EurH.t52                                                                  
     ALBEDO     EMISS   INERTIA     COND2     DENS2    PERIOD  SpecHeat   DENSITY
     0.6700    1.0000  200.0000    2.7700  928.0000    3.5512  647.0000 1600.0000
       CABR       AMW    SatPrA    PTOTAL     FANON      TATM     TDEEP   SpHeat2
     0.1100   43.5000   27.9546    0.0010    0.0550  200.0000  180.0000 1711.0000
       TAUD     DUSTA    TAURAT     TWILI  ARC2/PHT     [ARC3     SLOPE    SLOAZI
     0.3000    0.9000    0.2500      0.00      0.00      0.80       0.0      45.0
     TFROST    CFROST    AFROST     FEMIS       AF1       AF2    FROEXT    SatPrB
   146.0000  589944.0    0.6500    0.9500   0.54000    0.0009   50.0000 3182.4800
       RLAY      FLAY     CONVF     DEPTH     DRSET    PhotoF       GGT     DTMAX
     1.1500    0.1000    3.0000    0.0000    0.0000    0.0020    0.1000    0.1000
       DJUL    DELJUL SOLAR DEC       DAU       L_S    SOLCON      GRAV    Atm_Cp
   7305.000   35.5118    0.8894   5.00771   16.6669 1368.0000    3.7270  735.9000
     ConUp0    ConUp1    ConUp2    ConUp3    ConLo0    ConLo1    ConLo2    ConLo3
     0.0386   -0.0021    0.0023   -0.0008    2.7667   -1.2990    0.6292   -0.5273
     SphUp0    SphUp1    SphUp2    SphUp3    SphLo0    SphLo1    SphLo2    SphLo3
   646.6275  246.6678  -49.8216    7.9520 1710.6480  721.8740   57.4487   24.3753
         N1        N2        N3        N4        N5       N24       IIB       IC2
         22      6144        15         3        20        96       100       999
      NRSET      NMHA      NRUN     JDISK     IDOWN    FlxP14    FlxP15     KPREF
          3        24         1        18         0        45        65         1
      K4OUT     JBARE     Notif    IDISK2
         -3      9999         5         0
     LP1    LP2    LP3    LP4    LP5    LP6 LPGLOB   LVFA   LVFT  LKofT
       F      T      F      F      F      F      F      F      F      F
   LPORB   LKEY    LSC  LZONE  LOCAL   LD16 LPTAVE  Prt78  Prt79  L_ONE
       T      F      F      F      T      F      F      T      F      F

 Latitudes: 
    0.00  30.00  60.00

 Elevations:
    0.00   0.00   0.00
 Eclipse or PlanHeat on     3.000     0.156
LZONE,LALCON,JJH, IK1:4=  F  T   999     1     0     0     0
 Time-doubling fraction:  0.15848215    
IIB:TGHF=    100 0.21246     0.38640E-01 0.27492    
 1.035E+06=Dens*Cp   3.733E-08=Diffu.      0.0604=Scale      200.00=Inertia
         ___THICKNESS____    __CENTER_DEPTH__  Conductiv. Density Sp.Heat     Total Converg.
 LAYER  D_scale     meter   D_scale     meter      W/m-K   kg/m^3   J/kg     kg/m^2  factor
    1    0.0870    0.0053   -0.0435   -0.0026 0.3864E-01  1600.00  647.00     0.000   0.000
    2    0.1000    0.0060    0.0500    0.0030 0.3864E-01  1600.00  647.00     9.660   9.778
    3    0.1150    0.0069    0.1575    0.0095 0.3864E-01  1600.00  647.00    20.770  12.932
    4    0.1322    0.0080    0.2811    0.0170 0.3864E-01  1600.00  647.00    33.546   8.551
    5    0.1521    0.0092    0.4233    0.0256 0.3864E-01  1600.00  647.00    48.238   5.655
    6    0.1749    0.0106    0.5868    0.0354 0.3864E-01  1600.00  647.00    65.134   3.739
    7    0.2011    0.0121    0.7748    0.0468 0.3864E-01  1600.00  647.00    84.564   4.945
    8    0.2313    0.0140    0.9910    0.0598 0.3864E-01  1600.00  647.00   106.909   3.270
    9    0.2660    0.0161    1.2397    0.0748 0.3864E-01  1600.00  647.00   132.606   4.324
   10    0.3059    0.0185    1.5256    0.0921 0.3864E-01  1600.00  647.00   162.158   5.719
   11    0.3518    0.0212    1.8545    0.1120 0.3864E-01  1600.00  647.00   196.142   3.782
   12    0.4046    0.0244    2.2326    0.1348 0.3864E-01  1600.00  647.00   235.223   5.001
   13    0.4652    0.0281    2.6675    0.1611 0.3864E-01  1600.00  647.00   280.167   3.307
   14    0.5350    0.0323    3.1677    0.1913 0.3864E-01  1600.00  647.00   331.852   4.374
   15    0.6153    0.0371    3.7428    0.2260 0.3864E-01  1600.00  647.00   391.291   5.784
   16    0.7076    0.0427    4.4043    0.2659 0.3864E-01  1600.00  647.00   459.645   3.825
   17    0.8137    0.0491    5.1649    0.3118 0.3864E-01  1600.00  647.00   538.252   5.058
   18    0.9358    0.0565    6.0396    0.3647 0.3864E-01  1600.00  647.00   628.650   3.345
   19    1.0761    0.0650    7.0456    0.4254 0.3864E-01  1600.00  647.00   732.608   4.423
   20    1.2375    0.0747    8.2024    0.4952 0.3864E-01  1600.00  647.00   852.159   5.850
   21    1.4232    0.0859    9.5328    0.5756 0.3864E-01  1600.00  647.00   989.644   3.868
   22    1.6367    0.0988   11.0627    0.6679 0.3864E-01  1600.00  647.00  1147.750   5.116
 Bottom                     11.8810    0.7173
 Lower layer of time doubling:   3  4  5  7 10 12 15 17 20 22
 TFINE IQ,J4,J5=           1           4          20
TFINE layers: Num,lowest center[m]   64    0.7001
Min safety: layer,factor=  2       8.896
 TFINE low lay of time doubli:   3  5 12 20 27 34 42 49 57 64
   -778      9     20      4      3   2966   3178     64
 TFINE exit
 TFINE IQ,J4,J5=           2           1          20
   -777      9     20      1      3   2966   3178   3390     64   T
TTJ(1)...    107.7009    107.9543  0.30502E-01
LZONE,LALCON,J5, IK1:4=  F  T    20     0     0     0     0
 TFINE exit
End eclipse: J4,JJ,KG,delT,delE   1 3391  22   -0.82867E-02    -847.69    
 TLATS wrote EurHtout00Nc09.bin5                                                               iret=            0
 TFINE IQ,J4,J5=           2           2          20
   -777      9     20      2      3   2966   3178   3390     64   T
TTJ(1)...    103.0350    103.2623  0.30502E-01
LZONE,LALCON,J5, IK1:4=  F  T    20     0     0     0     0
 TFINE exit
End eclipse: J4,JJ,KG,delT,delE   2 3391  22   -0.86410E-02    -883.94    
 TFINE IQ,J4,J5=           2           3          20
   -777      9     20      3      3   2966   3178   3390     64   T
TTJ(1)...     83.5882     83.7250  0.30502E-01
LZONE,LALCON,J5, IK1:4=  F  T    20     0     0     0     0
 TFINE exit
End eclipse: J4,JJ,KG,delT,delE   3 3391  22   -0.93361E-02    -955.04    
 TFINE IQ,J4,J5=           3           3          20
TFINE: Case= 9  JJJ=    3   14 3816    3    0    0    0    5  358    0
 TFINE wrote EurHtfine09.bin5                                                                  iret=            0
 TFINE exit
     0.397 seconds at end of season   20 of   20
 Case  9  DTIME: total, user, system=    0.4099    0.4069    0.0030


 ============================= New case =============================
 --------- TYPE LOC  VALUE ------- Parameter Changes
 Changed>>   2   7   100.0            IIB      IIB   
 TCARD: 12-eclip   3.000       5.203      0.7149E+05  0.6711E+06   3122.       3.551    
                   0.000      -7500.       12.00       0.000       60.00       3.551    
Version 352 Europa test of eclipse and planetary load. 3 lats                       
KRCv3.5.5    RUN-CASE  1-10   2018 Feb 20 18:08:33  PAGE= 10
 Input file: EurH.inp                                                                        
 Print file: EurH.prt                                                                        
 Save file: ./out/EurH.t52                                                                  
     ALBEDO     EMISS   INERTIA     COND2     DENS2    PERIOD  SpecHeat   DENSITY
     0.6700    1.0000  200.0000    2.7700  928.0000    3.5512  647.0000 1600.0000
       CABR       AMW    SatPrA    PTOTAL     FANON      TATM     TDEEP   SpHeat2
     0.1100   43.5000   27.9546    0.0010    0.0550  200.0000  180.0000 1711.0000
       TAUD     DUSTA    TAURAT     TWILI  ARC2/PHT     [ARC3     SLOPE    SLOAZI
     0.3000    0.9000    0.2500      0.00      0.00      0.80       0.0      45.0
     TFROST    CFROST    AFROST     FEMIS       AF1       AF2    FROEXT    SatPrB
   146.0000  589944.0    0.6500    0.9500   0.54000    0.0009   50.0000 3182.4800
       RLAY      FLAY     CONVF     DEPTH     DRSET    PhotoF       GGT     DTMAX
     1.1500    0.1000    3.0000    0.0000    0.0000    0.0020    0.1000    0.1000
       DJUL    DELJUL SOLAR DEC       DAU       L_S    SOLCON      GRAV    Atm_Cp
   7305.000   35.5118    0.8894   5.00771   16.6669 1368.0000    3.7270  735.9000
     ConUp0    ConUp1    ConUp2    ConUp3    ConLo0    ConLo1    ConLo2    ConLo3
     0.0386   -0.0021    0.0023   -0.0008    2.7667   -1.2990    0.6292   -0.5273
     SphUp0    SphUp1    SphUp2    SphUp3    SphLo0    SphLo1    SphLo2    SphLo3
   646.6275  246.6678  -49.8216    7.9520 1710.6480  721.8740   57.4487   24.3753
         N1        N2        N3        N4        N5       N24       IIB       IC2
         22      6144        15         3        20        96       100       999
      NRSET      NMHA      NRUN     JDISK     IDOWN    FlxP14    FlxP15     KPREF
          3        24         1        18         0        45        65         1
      K4OUT     JBARE     Notif    IDISK2
         -3      9999         5         0
     LP1    LP2    LP3    LP4    LP5    LP6 LPGLOB   LVFA   LVFT  LKofT
       F      T      F      F      F      F      F      F      F      F
   LPORB   LKEY    LSC  LZONE  LOCAL   LD16 LPTAVE  Prt78  Prt79  L_ONE
       T      F      F      F      T      F      F      T      F      F

 Latitudes: 
    0.00  30.00  60.00

 Elevations:
    0.00   0.00   0.00
 Eclipse or PlanHeat on     3.000     0.156
LZONE,LALCON,JJH, IK1:4=  F  T   999     1     0     0     0
 Time-doubling fraction:  0.15848215    
IIB:TGHF=    100 0.21246     0.38640E-01 0.27492    
 1.035E+06=Dens*Cp   3.733E-08=Diffu.      0.0604=Scale      200.00=Inertia
         ___THICKNESS____    __CENTER_DEPTH__  Conductiv. Density Sp.Heat     Total Converg.
 LAYER  D_scale     meter   D_scale     meter      W/m-K   kg/m^3   J/kg     kg/m^2  factor
    1    0.0870    0.0053   -0.0435   -0.0026 0.3864E-01  1600.00  647.00     0.000   0.000
    2    0.1000    0.0060    0.0500    0.0030 0.3864E-01  1600.00  647.00     9.660   9.778
    3    0.1150    0.0069    0.1575    0.0095 0.3864E-01  1600.00  647.00    20.770  12.932
    4    0.1322    0.0080    0.2811    0.0170 0.3864E-01  1600.00  647.00    33.546   8.551
    5    0.1521    0.0092    0.4233    0.0256 0.3864E-01  1600.00  647.00    48.238   5.655
    6    0.1749    0.0106    0.5868    0.0354 0.3864E-01  1600.00  647.00    65.134   3.739
    7    0.2011    0.0121    0.7748    0.0468 0.3864E-01  1600.00  647.00    84.564   4.945
    8    0.2313    0.0140    0.9910    0.0598 0.3864E-01  1600.00  647.00   106.909   3.270
    9    0.2660    0.0161    1.2397    0.0748 0.3864E-01  1600.00  647.00   132.606   4.324
   10    0.3059    0.0185    1.5256    0.0921 0.3864E-01  1600.00  647.00   162.158   5.719
   11    0.3518    0.0212    1.8545    0.1120 0.3864E-01  1600.00  647.00   196.142   3.782
   12    0.4046    0.0244    2.2326    0.1348 0.3864E-01  1600.00  647.00   235.223   5.001
   13    0.4652    0.0281    2.6675    0.1611 0.3864E-01  1600.00  647.00   280.167   3.307
   14    0.5350    0.0323    3.1677    0.1913 0.3864E-01  1600.00  647.00   331.852   4.374
   15    0.6153    0.0371    3.7428    0.2260 0.3864E-01  1600.00  647.00   391.291   5.784
   16    0.7076    0.0427    4.4043    0.2659 0.3864E-01  1600.00  647.00   459.645   3.825
   17    0.8137    0.0491    5.1649    0.3118 0.3864E-01  1600.00  647.00   538.252   5.058
   18    0.9358    0.0565    6.0396    0.3647 0.3864E-01  1600.00  647.00   628.650   3.345
   19    1.0761    0.0650    7.0456    0.4254 0.3864E-01  1600.00  647.00   732.608   4.423
   20    1.2375    0.0747    8.2024    0.4952 0.3864E-01  1600.00  647.00   852.159   5.850
   21    1.4232    0.0859    9.5328    0.5756 0.3864E-01  1600.00  647.00   989.644   3.868
   22    1.6367    0.0988   11.0627    0.6679 0.3864E-01  1600.00  647.00  1147.750   5.116
 Bottom                     11.8810    0.7173
 Lower layer of time doubling:   3  4  5  7 10 12 15 17 20 22
 TFINE IQ,J4,J5=           1           4          20
TFINE layers: Num,lowest center[m]   64    0.7001
Min safety: layer,factor=  2       8.896
 TFINE low lay of time doubli:   3  5 12 20 27 34 42 49 57 64
   -778     10     20      4      3   2966   3178     64
 TFINE exit
 TFINE IQ,J4,J5=           2           1          20
   -777     10     20      1      3   2966   3178   3390     64   T
TTJ(1)...    107.7009    107.9543  0.30502E-01
LZONE,LALCON,J5, IK1:4=  F  T    20     0     0     0     0
 TFINE exit
End eclipse: J4,JJ,KG,delT,delE   1 3391  22   -0.10448E-01    -1068.8    
 TLATS wrote EurHtout00Nc10.bin5                                                               iret=            0
 TFINE IQ,J4,J5=           2           2          20
   -777     10     20      2      3   2966   3178   3390     64   T
TTJ(1)...    103.0350    103.2623  0.30502E-01
LZONE,LALCON,J5, IK1:4=  F  T    20     0     0     0     0
 TFINE exit
End eclipse: J4,JJ,KG,delT,delE   2 3391  22   -0.10852E-01    -1110.1    
 TFINE IQ,J4,J5=           2           3          20
   -777     10     20      3      3   2966   3178   3390     64   T
TTJ(1)...     83.5882     83.7250  0.30502E-01
LZONE,LALCON,J5, IK1:4=  F  T    20     0     0     0     0
 TFINE exit
End eclipse: J4,JJ,KG,delT,delE   3 3391  22   -0.11645E-01    -1191.2    
 TFINE IQ,J4,J5=           3           3          20
TFINE: Case=10  JJJ=    3   14 3816    3    0    0    0    5  359    0
 TFINE wrote EurHtfine10.bin5                                                                  iret=            0
 TFINE exit
     0.386 seconds at end of season   20 of   20
 Case 10  DTIME: total, user, system=    0.3969    0.3959    0.0010


     END OF DATA ON INPUT UNIT
 IDX= 4  JJJ=    5   96    7    3    4   10    0    5   25    0
 Wrote bin5 file type 52: iret=            0
   File name=./out/EurH.t52
      END KRC   Total time [s]=      2.773
