 ======================== New case ========================
 --------- TYPE LOC  VALUE -------- Parameter changes
 Changed>>   1   1  0.2500         Albedo    ALBEDO  
 Changed>>  10   1  0.1000       oneA.one
 ---- Start of one-point mode ----
 Title Line, Text transfered to output. This & next line must be present         
Version 33 One-point Master.  Default values for all physical parameters.           
KRCv3.4.3    RUN-CASE  0- 1   2017 Feb 24 15:08:59  PAGE=  1
 Input file: oneA.one                                                                        
 Print file: Mone.prt                                                                        
 Save file: no                                                                              
     ALBEDO     EMISS   INERTIA     COND2     DENS2    PERIOD  SpecHeat   DENSITY
     0.2000    1.0000  100.0000    2.7700  928.0000    1.0275  647.0000 1600.0000
       CABR       AMW    SatPrA    PTOTAL     FANON      TATM     TDEEP   SpHeat2
     0.1100   43.5000   27.9546  546.0000    0.0550  200.0000  180.0000 1711.0000
       TAUD     DUSTA    TAURAT     TWILI  ARC2/PHT     [ARC3     SLOPE    SLOAZI
     0.3000    0.9000    0.2500      0.00      0.50      0.80       0.0      12.3
     TFROST    CFROST    AFROST     FEMIS       AF1       AF2    FROEXT    SatPrB
   146.0000  589944.0    0.6500    0.9500   0.54000    0.0009   50.0000 3182.4800
       RLAY      FLAY     CONVF     DEPTH     DRSET       DDT       GGT     DTMAX
     1.2000    0.1800    3.0000    0.0000    0.0000    0.0020    0.1000    0.1000
       DJUL    DELJUL SOLAR DEC       DAU       L_S    SOLCON      GRAV    Atm_Cp
   1763.406   17.1748   24.7843   1.64488    0.0000 1368.0000    3.7270  735.9000
     ConUp0    ConUp1    ConUp2    ConUp3    ConLo0    ConLo1    ConLo2    ConLo3
     0.0386   -0.0021    0.0023   -0.0008    2.7667   -1.2990    0.6292   -0.5273
     SphUp0    SphUp1    SphUp2    SphUp3    SphLo0    SphLo1    SphLo2    SphLo3
   646.6275  246.6678  -49.8216    7.9520 1710.6480  721.8740   57.4487   24.3753
         N1        N2        N3        N4        N5       N24       IIB       IC2
         22       384        15         1        80        24         0        99
      NRSET      NMHA      NRUN     JDISK     IDOWN    FlxP14    FlxP15     KPREF
          3        24         0      9999        -7        45        65         1
      K4OUT     JBARE     Notif    IDISK2
          0      9999       200         0
     LP1    LP2    LP3    LP4    LP5    LP6 LPGLOB   LVFA   LVFT  LKofT
       F      F      F      F      F      F      F      F      F      F
   LPORB   LKEY    LSC  LZONE  LOCAL   LD16 LPTAVE  Prt78  Prt79  L_ONE
       T      F      F      F      T      F      F      T      F      T

 Latitudes: 
   22.30

 Elevations:
   -3.10
LZONE,LALCON,JJH, IK1:4=  F  T    99     1     0     0     0
 Time-doubling fraction:  0.26264882    
 1.035E+06=Dens*Cp   9.332E-09=Diffu.      0.0162=Scale      100.00=Inertia
         ___THICKNESS____    __CENTER_DEPTH__  Conductiv. Density Sp.Heat     Total Converg.
 LAYER  D_scale     meter   D_scale     meter      W/m-K   kg/m^3   J/kg     kg/m^2  factor
    1    0.1500    0.0024   -0.0750   -0.0012 0.9660E-02  1600.00  647.00     0.000   0.000
    2    0.1800    0.0029    0.0900    0.0015 0.9660E-02  1600.00  647.00     4.677   1.980
    3    0.2160    0.0035    0.2880    0.0047 0.9660E-02  1600.00  647.00    10.289   2.851
    4    0.2592    0.0042    0.5256    0.0085 0.9660E-02  1600.00  647.00    17.023   4.106
    5    0.3110    0.0051    0.8107    0.0132 0.9660E-02  1600.00  647.00    25.105   5.913
    6    0.3732    0.0061    1.1529    0.0187 0.9660E-02  1600.00  647.00    34.802   4.257
    7    0.4479    0.0073    1.5634    0.0254 0.9660E-02  1600.00  647.00    46.439   3.065
    8    0.5375    0.0087    2.0561    0.0334 0.9660E-02  1600.00  647.00    60.404   4.414
    9    0.6450    0.0105    2.6473    0.0430 0.9660E-02  1600.00  647.00    77.162   3.178
   10    0.7740    0.0126    3.3568    0.0545 0.9660E-02  1600.00  647.00    97.271   4.576
   11    0.9288    0.0151    4.2082    0.0683 0.9660E-02  1600.00  647.00   121.401   3.295
   12    1.1145    0.0181    5.2298    0.0849 0.9660E-02  1600.00  647.00   150.358   4.745
   13    1.3374    0.0217    6.4558    0.1048 0.9660E-02  1600.00  647.00   185.107   3.416
   14    1.6049    0.0261    7.9269    0.1287 0.9660E-02  1600.00  647.00   226.805   4.919
   15    1.9259    0.0313    9.6923    0.1574 0.9660E-02  1600.00  647.00   276.843   3.542
   16    2.3111    0.0375   11.8108    0.1918 0.9660E-02  1600.00  647.00   336.888   5.100
   17    2.7733    0.0450   14.3530    0.2331 0.9660E-02  1600.00  647.00   408.942   3.672
   18    3.3279    0.0540   17.4035    0.2826 0.9660E-02  1600.00  647.00   495.407   5.288
   19    3.9935    0.0648   21.0642    0.3421 0.9660E-02  1600.00  647.00   599.165   7.615
   20    4.7922    0.0778   25.4571    0.4134 0.9660E-02  1600.00  647.00   723.675  10.965
   21    5.7506    0.0934   30.7285    0.4990 0.9660E-02  1600.00  647.00   873.087  15.790
   22    6.9008    0.1121   37.0542    0.6017 0.9660E-02  1600.00  647.00  1052.381  22.737
 Bottom                     40.5046    0.6577
 Lower layer of time doubling:   5  6  8 10 12 14 16 22
C_END  Ls   Lat  Hour Elev  Alb Inerti Opac Slop Azim  TkSur  TbPla Comment
 11 100.0  22.3 13.50 -3.1 0.20  100.0 0.30  0.0  12. 280.88 269.71 Viking Lander 1    
 11 100.0  22.3 13.50 -3.1 0.20  200.0 0.30  5.0  90. 274.38 263.85 VL1                
 11 100.0  22.3 13.50 -3.1 0.20  200.0 0.30  5.0 180. 274.65 264.01 VL1                
 11 100.0  22.3 13.50 -3.1 0.20  200.0 0.30  5.0 270. 275.85 265.10 VL1                
 11   0.0  47.7 13.50 -3.0 0.20   50.0 0.20  5.0 270. 261.13 250.61 Viking Lander 2    
 11  90.0  47.7 13.50 -3.0 0.20  100.0 0.20  0.0   0. 277.17 267.57 VL2                
 11  90.0  47.7 13.50 -3.0 0.20  200.0 0.20  0.0   0. 272.01 262.83 VL2                
 11  90.0  47.7 13.50 -3.0 0.20  400.0 0.20  0.0   0. 263.13 254.76 VL2                
 11  90.0  47.7 13.50 -3.0 0.15  200.0 0.20  0.0   0. 276.18 266.80 VL2                
 11  90.0  47.7 13.50 -3.0 0.35  200.0 0.20  0.0   0. 258.06 249.61 VL2                
 11  90.0  47.7 13.50 -3.0 0.20  200.0 0.50  0.0   0. 268.19 256.44 VL2                
 11  90.0  47.7 13.50 -3.0 0.20  200.0 1.00  0.0   0. 261.63 247.26 VL2                
 11 180.0  -8.8 13.00 16.5 0.20  100.0 0.20  0.0   0. 297.06 295.43 Summit Arsia Mons  
 11 251.0  -8.8 13.00 16.5 0.20  100.0 0.20  0.0   0. 305.38 303.14 Arsia Mons periheli
 11 270.0  -8.8 13.00 16.5 0.20  100.0 0.20  0.0   0. 304.09 301.86 Arsia Mons midsumme
 11 270.0  -8.8 13.00 16.5 0.20   50.0 0.20  0.0   0. 307.49 305.22 Arsia Mons midsumme
 11 300.0  88.5 12.00 -3.0 0.30  250.0 0.20  0.0   0. 146.00 143.47 Polar cap test     
 11 100.0  22.0  6.00 -3.1 0.25  200.0 0.30  0.0   0. 186.46 188.24 Spinup test        
 11 100.0  22.0 13.00 -3.1 0.25  200.0 0.30  0.0   0. 271.55 260.93 Spinup test        
 11 100.0   0.0  6.00  0.0 0.25  200.0 0.30  0.0   0. 171.98 174.18 Spinup test        
 11 100.0   0.0 13.00  0.0 0.25  200.0 0.30  0.0   0. 260.76 252.91 Spinup test        
 11 100.0 -25.0  6.00  0.0 0.25  200.0 0.30  0.0   0. 158.30 159.58 Spinup test        
 11 100.0 -25.0 13.00  0.0 0.25  200.0 0.30  0.0   0. 229.23 222.44 Spinup test        


     END OF DATA ON INPUT UNIT
 Case 23  DTIME: total, user, system=    0.9529    0.9529    0.0000
      END KRC   Total time [s]=  0.95285600    
