 ======================== New case ========================
 --------- TYPE LOC  VALUE -------- Parameter changes
 Changed>>   8   0   0.000     mastes33.t
Version 33 default values.  37 latitudes with mean Mars zonal elevations            
KRCv3.4.3    RUN-CASE  0- 1   2017 Feb 27 16:46:02  PAGE=  1
 Input file: mastes.inp                                                                      
 Print file: mastes.prt                                                                      
 Save file: no                                                                              
     ALBEDO     EMISS   INERTIA     COND2     DENS2    PERIOD  SpecHeat   DENSITY
     0.2500    1.0000  200.0000    2.7700  928.0000    1.0275  647.0000 1600.0000
       CABR       AMW    SatPrA    PTOTAL     FANON      TATM     TDEEP   SpHeat2
     0.1100   43.5000   27.9546  546.0000    0.0550  200.0000  180.0000 1711.0000
       TAUD     DUSTA    TAURAT     TWILI  ARC2/PHT     [ARC3     SLOPE    SLOAZI
     0.3000    0.9000    0.2500      0.00      0.50      0.80       0.0      90.0
     TFROST    CFROST    AFROST     FEMIS       AF1       AF2    FROEXT    SatPrB
   146.0000  589944.0    0.6500    0.9500   0.54000    0.0009   50.0000 3182.4800
       RLAY      FLAY     CONVF     DEPTH     DRSET       DDT       GGT     DTMAX
     1.1500    0.1000    3.0000    0.0000    0.0000    0.0020    0.1000    0.1000
       DJUL    DELJUL SOLAR DEC       DAU       L_S    SOLCON      GRAV    Atm_Cp
  -1222.690   17.1748    0.0000   1.46500    0.0000 1368.0000    3.7270  735.9000
     ConUp0    ConUp1    ConUp2    ConUp3    ConLo0    ConLo1    ConLo2    ConLo3
     0.0386   -0.0021    0.0023   -0.0008    2.7667   -1.2990    0.6292   -0.5273
     SphUp0    SphUp1    SphUp2    SphUp3    SphLo0    SphLo1    SphLo2    SphLo3
   646.6275  246.6678  -49.8216    7.9520 1710.6480  721.8740   57.4487   24.3753
         N1        N2        N3        N4        N5       N24       IIB       IC2
         38      1536        15        37       120        48         0         7
      NRSET      NMHA      NRUN     JDISK     IDOWN    FlxP14    FlxP15     KPREF
          3        24         0        81         0        45        65         1
      K4OUT     JBARE     Notif    IDISK2
         52      9999        20         0
     LP1    LP2    LP3    LP4    LP5    LP6 LPGLOB   LVFA   LVFT  LKofT
       F      T      F      F      F      F      F      F      F      F
   LPORB   LKEY    LSC  LZONE  LOCAL   LD16 LPTAVE  Prt78  Prt79  L_ONE
       T      F      F      F      T      F      F      T      F      F

 Latitudes: 
  -88.75 -85.00 -80.00 -75.00 -70.00 -65.00 -60.00 -55.00 -50.00 -45.00
  -40.00 -35.00 -30.00 -25.00 -20.00 -15.00 -10.00  -5.00   0.00   5.00
   10.00  15.00  20.00  25.00  30.00  35.00  40.00  45.00  50.00  55.00
   60.00  65.00  70.00  75.00  80.00  85.00  88.75

 Elevations:
    4.10   2.89   1.90   1.66   1.32   1.32   1.26   0.80   0.33   0.30
    0.49   0.76   1.17   1.51   1.71   1.62   1.32   0.78   0.19  -0.52
   -0.94  -1.16  -1.24  -1.62  -2.01  -2.27  -2.46  -2.98  -3.57  -3.86
   -4.08  -4.30  -4.51  -4.69  -4.49  -3.39  -2.18
LZONE,LALCON,JJH, IK1:4=  F  T     7     1     0     0     0
 Time-doubling fraction:  0.17161107    
 1.035E+06=Dens*Cp   3.733E-08=Diffu.      0.0325=Scale      200.00=Inertia
 Beginning at layer   7  At      0.0219 m.
 1.588E+06=Dens*Cp   1.745E-06=Diffu.      0.2220=Scale     2097.20=Inertia
         ___THICKNESS____    __CENTER_DEPTH__  Conductiv. Density Sp.Heat     Total Converg.
 LAYER  D_scale     meter   D_scale     meter      W/m-K   kg/m^3   J/kg     kg/m^2  factor
    1    0.0870    0.0028   -0.0435   -0.0014 0.3864E-01  1600.00  647.00     0.000   0.000
    2    0.1000    0.0032    0.0500    0.0016 0.3864E-01  1600.00  647.00     5.196   2.445
    3    0.1150    0.0037    0.1575    0.0051 0.3864E-01  1600.00  647.00    11.172   3.233
    4    0.1322    0.0043    0.2811    0.0091 0.3864E-01  1600.00  647.00    18.044   4.276
    5    0.1521    0.0049    0.4233    0.0137 0.3864E-01  1600.00  647.00    25.947   5.655
    6    0.1749    0.0057    0.5868    0.0191 0.3864E-01  1600.00  647.00    35.036   3.739
    7    0.2011    0.0447    0.7748    0.0442  2.770       928.00 1711.00    76.479   4.945
    8    0.2313    0.0514    0.9910    0.0922  2.770       928.00 1711.00   124.138   3.270
    9    0.2660    0.0591    1.2397    0.1474  2.770       928.00 1711.00   178.947   4.324
   10    0.3059    0.0679    1.5256    0.2109  2.770       928.00 1711.00   241.976   5.719
   11    0.3518    0.0781    1.8545    0.2839  2.770       928.00 1711.00   314.460   3.782
   12    0.4046    0.0898    2.2326    0.3679  2.770       928.00 1711.00   397.817   5.001
   13    0.4652    0.1033    2.6675    0.4645  2.770       928.00 1711.00   493.677   3.307
   14    0.5350    0.1188    3.1677    0.5755  2.770       928.00 1711.00   603.916   4.374
   15    0.6153    0.1366    3.7428    0.7032  2.770       928.00 1711.00   730.691   5.784
   16    0.7076    0.1571    4.4043    0.8501  2.770       928.00 1711.00   876.482   3.825
   17    0.8137    0.1807    5.1649    1.0190  2.770       928.00 1711.00  1044.142   5.058
   18    0.9358    0.2078    6.0396    1.2132  2.770       928.00 1711.00  1236.951   3.345
   19    1.0761    0.2389    7.0456    1.4365  2.770       928.00 1711.00  1458.681   4.423
   20    1.2375    0.2748    8.2024    1.6934  2.770       928.00 1711.00  1713.671   5.850
   21    1.4232    0.3160    9.5328    1.9888  2.770       928.00 1711.00  2006.910   3.868
   22    1.6367    0.3634   11.0627    2.3285  2.770       928.00 1711.00  2344.134   5.116
   23    1.8822    0.4179   12.8221    2.7191  2.770       928.00 1711.00  2731.941   3.383
   24    2.1645    0.4806   14.8454    3.1683  2.770       928.00 1711.00  3177.920   4.474
   25    2.4891    0.5527   17.1722    3.6850  2.770       928.00 1711.00  3690.796   5.917
   26    2.8625    0.6356   19.8480    4.2791  2.770       928.00 1711.00  4280.603   3.912
   27    3.2919    0.7309   22.9252    4.9623  2.770       928.00 1711.00  4958.881   5.174
   28    3.7857    0.8405   26.4640    5.7480  2.770       928.00 1711.00  5738.900   6.843
   29    4.3535    0.9666   30.5336    6.6516  2.770       928.00 1711.00  6635.923   9.050
   30    5.0066    1.1116   35.2137    7.6907  2.770       928.00 1711.00  7667.499  11.968
   31    5.7575    1.2784   40.5957    8.8857  2.770       928.00 1711.00  8853.811  15.828
   32    6.6212    1.4701   46.7851   10.2599  2.770       928.00 1711.00 10218.071  20.932
   33    7.6144    1.6906   53.9029   11.8403  2.770       928.00 1711.00 11786.969  27.683
   34    8.7565    1.9442   62.0883   13.6577  2.770       928.00 1711.00 13591.202  36.610
   35   10.0700    2.2358   71.5015   15.7478  2.770       928.00 1711.00 15666.070  48.417
   36   11.5805    2.5712   82.3268   18.1513  2.770       928.00 1711.00 18052.168  64.032
   37   13.3176    2.9569   94.7758   20.9154  2.770       928.00 1711.00 20796.181  84.682
   38   15.3152    3.4004  109.0922   24.0940  2.770       928.00 1711.00 23951.795 111.992
 Bottom                    116.7498   25.7943
 Lower layer of time doubling:   5  7 10 12 15 17 20 22 25 38
     8.640 seconds at end of season  120 of  120


     END OF DATA ON INPUT UNIT
 Case  1  DTIME: total, user, system=    8.6407    8.6347    0.0060
      END KRC   Total time [s]=   8.6406860    
