 IDB1:6=           0           0           0           0           0           0


 ============================= New case =============================
 --------- TYPE LOC  VALUE ------- Parameter Changes
 Changed>>   8   5   0.000     ./out/PhoH
           1 =Run. New T52 file name= ./out/PhoH.t52
Version 355 Eclipse test. Mars and Phobos                                           
KRCv3.5.5    RUN-CASE  1- 1   2018 Feb 20 06:12:31  PAGE=  1
 Input file: PhoH.inp                                                                        
 Print file: PhoH.prt                                                                        
 Save file: ./out/PhoH.t52                                                                  
     ALBEDO     EMISS   INERTIA     COND2     DENS2    PERIOD  SpecHeat   DENSITY
     0.2500    1.0000  200.0000    2.7700  928.0000    1.0275  647.0000 1600.0000
       CABR       AMW    SatPrA    PTOTAL     FANON      TATM     TDEEP   SpHeat2
     0.1100   43.5000   27.9546  546.0000    0.0550  200.0000  180.0000 1711.0000
       TAUD     DUSTA    TAURAT     TWILI  ARC2/PHT     [ARC3     SLOPE    SLOAZI
     0.3000    0.9400    0.2040      0.00      0.50      0.80       0.0      90.0
     TFROST    CFROST    AFROST     FEMIS       AF1       AF2    FROEXT    SatPrB
   146.0000  589944.0    0.6500    0.9500   0.54000    0.0009   50.0000 3182.4800
       RLAY      FLAY     CONVF     DEPTH     DRSET    PhotoF       GGT     DTMAX
     1.1500    0.1000    3.0000    0.0000    0.0000    0.0000    0.1000    0.1000
       DJUL    DELJUL SOLAR DEC       DAU       L_S    SOLCON      GRAV    Atm_Cp
  -1222.690   17.1748    0.0000   1.46500    0.0000 1368.0000    3.7270  735.9000
     ConUp0    ConUp1    ConUp2    ConUp3    ConLo0    ConLo1    ConLo2    ConLo3
     0.0386   -0.0021    0.0023   -0.0008    2.7667   -1.2990    0.6292   -0.5273
     SphUp0    SphUp1    SphUp2    SphUp3    SphLo0    SphLo1    SphLo2    SphLo3
   646.6275  246.6678  -49.8216    7.9520 1710.6480  721.8740   57.4487   24.3753
         N1        N2        N3        N4        N5       N24       IIB       IC2
         28      1536        15         3        10        96         0       999
      NRSET      NMHA      NRUN     JDISK     IDOWN    FlxP14    FlxP15     KPREF
          3        24         1         1         0        45        65         1
      K4OUT     JBARE     Notif    IDISK2
         -1      9999         5         0
     LP1    LP2    LP3    LP4    LP5    LP6 LPGLOB   LVFA   LVFT  LKofT
       F      T      F      F      F      F      F      F      F      F
   LPORB   LKEY    LSC  LZONE  LOCAL   LD16 LPTAVE  Prt78  Prt79  L_ONE
       T      F      F      F      T      F      F      T      F      F

 Latitudes: 
    0.00  30.00  60.00

 Elevations:
    1.22   1.17   0.17
LZONE,LALCON,JJH, IK1:4=  F  T   999     1     0     0     0
 Time-doubling fraction:  0.23444735    
 1.035E+06=Dens*Cp   3.733E-08=Diffu.      0.0325=Scale      200.00=Inertia
         ___THICKNESS____    __CENTER_DEPTH__  Conductiv. Density Sp.Heat     Total Converg.
 LAYER  D_scale     meter   D_scale     meter      W/m-K   kg/m^3   J/kg     kg/m^2  factor
    1    0.0870    0.0028   -0.0435   -0.0014 0.3864E-01  1600.00  647.00     0.000   0.000
    2    0.1000    0.0032    0.0500    0.0016 0.3864E-01  1600.00  647.00     5.196   2.445
    3    0.1150    0.0037    0.1575    0.0051 0.3864E-01  1600.00  647.00    11.172   3.233
    4    0.1322    0.0043    0.2811    0.0091 0.3864E-01  1600.00  647.00    18.044   4.276
    5    0.1521    0.0049    0.4233    0.0137 0.3864E-01  1600.00  647.00    25.947   5.655
    6    0.1749    0.0057    0.5868    0.0191 0.3864E-01  1600.00  647.00    35.036   3.739
    7    0.2011    0.0065    0.7748    0.0252 0.3864E-01  1600.00  647.00    45.488   4.945
    8    0.2313    0.0075    0.9910    0.0322 0.3864E-01  1600.00  647.00    57.507   3.270
    9    0.2660    0.0086    1.2397    0.0403 0.3864E-01  1600.00  647.00    71.329   4.324
   10    0.3059    0.0099    1.5256    0.0495 0.3864E-01  1600.00  647.00    87.225   5.719
   11    0.3518    0.0114    1.8545    0.0602 0.3864E-01  1600.00  647.00   105.505   3.782
   12    0.4046    0.0131    2.2326    0.0725 0.3864E-01  1600.00  647.00   126.527   5.001
   13    0.4652    0.0151    2.6675    0.0866 0.3864E-01  1600.00  647.00   150.703   3.307
   14    0.5350    0.0174    3.1677    0.1029 0.3864E-01  1600.00  647.00   178.505   4.374
   15    0.6153    0.0200    3.7428    0.1216 0.3864E-01  1600.00  647.00   210.477   5.784
   16    0.7076    0.0230    4.4043    0.1430 0.3864E-01  1600.00  647.00   247.245   3.825
   17    0.8137    0.0264    5.1649    0.1677 0.3864E-01  1600.00  647.00   289.528   5.058
   18    0.9358    0.0304    6.0396    0.1962 0.3864E-01  1600.00  647.00   338.153   3.345
   19    1.0761    0.0349    7.0456    0.2288 0.3864E-01  1600.00  647.00   394.072   4.423
   20    1.2375    0.0402    8.2024    0.2664 0.3864E-01  1600.00  647.00   458.380   5.850
   21    1.4232    0.0462    9.5328    0.3096 0.3864E-01  1600.00  647.00   532.333   3.868
   22    1.6367    0.0532   11.0627    0.3593 0.3864E-01  1600.00  647.00   617.379   5.116
   23    1.8822    0.0611   12.8221    0.4164 0.3864E-01  1600.00  647.00   715.182   3.383
   24    2.1645    0.0703   14.8454    0.4821 0.3864E-01  1600.00  647.00   827.656   4.474
   25    2.4891    0.0808   17.1722    0.5577 0.3864E-01  1600.00  647.00   957.001   5.917
   26    2.8625    0.0930   19.8480    0.6446 0.3864E-01  1600.00  647.00  1105.747   3.912
   27    3.2919    0.1069   22.9252    0.7445 0.3864E-01  1600.00  647.00  1276.806   5.174
   28    3.7857    0.1229   26.4640    0.8595 0.3864E-01  1600.00  647.00  1473.523   6.843
 Bottom                     28.3569    0.9210
 Lower layer of time doubling:   5  7 10 12 15 17 20 22 25 28
 IDX= 4  JJJ=    5   96    7    3   11    0    0    5   25    0
 MMM=          96         672        2016       20160           0           0
 KOMMON,KASE=    10000000       22176
 RASE,MASE,MTOT=   450.93796             450     9979200
     0.067 seconds at end of season   10 of   10
 Case  1  DTIME: total, user, system=    0.0680    0.0680    0.0000


 ============================= New case =============================
 --------- TYPE LOC  VALUE ------- Parameter Changes
 TCARD: 12-eclip   3.000       1.524       11.27       9376.       3396.      0.3189    
                  0.1000E-02   7000.       12.00       17.00       0.000       1.028    
 TCARD:16 Lat+name           1  00N
Version 355 Eclipse test. Mars and Phobos                                           
KRCv3.5.5    RUN-CASE  1- 2   2018 Feb 20 06:12:31  PAGE=  2
 Input file: PhoH.inp                                                                        
 Print file: PhoH.prt                                                                        
 Save file: ./out/PhoH.t52                                                                  
     ALBEDO     EMISS   INERTIA     COND2     DENS2    PERIOD  SpecHeat   DENSITY
     0.2500    1.0000  200.0000    2.7700  928.0000    1.0275  647.0000 1600.0000
       CABR       AMW    SatPrA    PTOTAL     FANON      TATM     TDEEP   SpHeat2
     0.1100   43.5000   27.9546  546.0000    0.0550  200.0000  180.0000 1711.0000
       TAUD     DUSTA    TAURAT     TWILI  ARC2/PHT     [ARC3     SLOPE    SLOAZI
     0.3000    0.9400    0.2040      0.00      0.50      0.80       0.0      90.0
     TFROST    CFROST    AFROST     FEMIS       AF1       AF2    FROEXT    SatPrB
   146.0000  589944.0    0.6500    0.9500   0.54000    0.0009   50.0000 3182.4800
       RLAY      FLAY     CONVF     DEPTH     DRSET    PhotoF       GGT     DTMAX
     1.1500    0.1000    3.0000    0.0000    0.0000    0.0000    0.1000    0.1000
       DJUL    DELJUL SOLAR DEC       DAU       L_S    SOLCON      GRAV    Atm_Cp
  -1222.690   17.1748   23.7006   1.66603   70.7857 1368.0000    3.7270  735.9000
     ConUp0    ConUp1    ConUp2    ConUp3    ConLo0    ConLo1    ConLo2    ConLo3
     0.0386   -0.0021    0.0023   -0.0008    2.7667   -1.2990    0.6292   -0.5273
     SphUp0    SphUp1    SphUp2    SphUp3    SphLo0    SphLo1    SphLo2    SphLo3
   646.6275  246.6678  -49.8216    7.9520 1710.6480  721.8740   57.4487   24.3753
         N1        N2        N3        N4        N5       N24       IIB       IC2
         28      1536        15         3        10        96         0       999
      NRSET      NMHA      NRUN     JDISK     IDOWN    FlxP14    FlxP15     KPREF
          3        24         1         1         0        45        65         1
      K4OUT     JBARE     Notif    IDISK2
         -1      9999         5         0
     LP1    LP2    LP3    LP4    LP5    LP6 LPGLOB   LVFA   LVFT  LKofT
       F      T      F      F      F      F      F      F      F      F
   LPORB   LKEY    LSC  LZONE  LOCAL   LD16 LPTAVE  Prt78  Prt79  L_ONE
       T      F      F      F      T      F      F      T      F      F

 Latitudes: 
    0.00  30.00  60.00

 Elevations:
    1.22   1.17   0.17
 Eclipse or PlanHeat on     3.000     0.000
LZONE,LALCON,JJH, IK1:4=  F  T   999     1     0     0     0
 Time-doubling fraction:  0.23444735    
 1.035E+06=Dens*Cp   3.733E-08=Diffu.      0.0325=Scale      200.00=Inertia
         ___THICKNESS____    __CENTER_DEPTH__  Conductiv. Density Sp.Heat     Total Converg.
 LAYER  D_scale     meter   D_scale     meter      W/m-K   kg/m^3   J/kg     kg/m^2  factor
    1    0.0870    0.0028   -0.0435   -0.0014 0.3864E-01  1600.00  647.00     0.000   0.000
    2    0.1000    0.0032    0.0500    0.0016 0.3864E-01  1600.00  647.00     5.196   2.445
    3    0.1150    0.0037    0.1575    0.0051 0.3864E-01  1600.00  647.00    11.172   3.233
    4    0.1322    0.0043    0.2811    0.0091 0.3864E-01  1600.00  647.00    18.044   4.276
    5    0.1521    0.0049    0.4233    0.0137 0.3864E-01  1600.00  647.00    25.947   5.655
    6    0.1749    0.0057    0.5868    0.0191 0.3864E-01  1600.00  647.00    35.036   3.739
    7    0.2011    0.0065    0.7748    0.0252 0.3864E-01  1600.00  647.00    45.488   4.945
    8    0.2313    0.0075    0.9910    0.0322 0.3864E-01  1600.00  647.00    57.507   3.270
    9    0.2660    0.0086    1.2397    0.0403 0.3864E-01  1600.00  647.00    71.329   4.324
   10    0.3059    0.0099    1.5256    0.0495 0.3864E-01  1600.00  647.00    87.225   5.719
   11    0.3518    0.0114    1.8545    0.0602 0.3864E-01  1600.00  647.00   105.505   3.782
   12    0.4046    0.0131    2.2326    0.0725 0.3864E-01  1600.00  647.00   126.527   5.001
   13    0.4652    0.0151    2.6675    0.0866 0.3864E-01  1600.00  647.00   150.703   3.307
   14    0.5350    0.0174    3.1677    0.1029 0.3864E-01  1600.00  647.00   178.505   4.374
   15    0.6153    0.0200    3.7428    0.1216 0.3864E-01  1600.00  647.00   210.477   5.784
   16    0.7076    0.0230    4.4043    0.1430 0.3864E-01  1600.00  647.00   247.245   3.825
   17    0.8137    0.0264    5.1649    0.1677 0.3864E-01  1600.00  647.00   289.528   5.058
   18    0.9358    0.0304    6.0396    0.1962 0.3864E-01  1600.00  647.00   338.153   3.345
   19    1.0761    0.0349    7.0456    0.2288 0.3864E-01  1600.00  647.00   394.072   4.423
   20    1.2375    0.0402    8.2024    0.2664 0.3864E-01  1600.00  647.00   458.380   5.850
   21    1.4232    0.0462    9.5328    0.3096 0.3864E-01  1600.00  647.00   532.333   3.868
   22    1.6367    0.0532   11.0627    0.3593 0.3864E-01  1600.00  647.00   617.379   5.116
   23    1.8822    0.0611   12.8221    0.4164 0.3864E-01  1600.00  647.00   715.182   3.383
   24    2.1645    0.0703   14.8454    0.4821 0.3864E-01  1600.00  647.00   827.656   4.474
   25    2.4891    0.0808   17.1722    0.5577 0.3864E-01  1600.00  647.00   957.001   5.917
   26    2.8625    0.0930   19.8480    0.6446 0.3864E-01  1600.00  647.00  1105.747   3.912
   27    3.2919    0.1069   22.9252    0.7445 0.3864E-01  1600.00  647.00  1276.806   5.174
   28    3.7857    0.1229   26.4640    0.8595 0.3864E-01  1600.00  647.00  1473.523   6.843
 Bottom                     28.3569    0.9210
 Lower layer of time doubling:   5  7 10 12 15 17 20 22 25 28
TFINE layers: Num,lowest center[m]   82    0.8995
 TFINE low lay of time doubli:  12 20 27 34 42 49 57 64 72 82
   -778      2     10      4     15    767    769     82
   -777      2     10      1     15    767    769    771     82   T
End eclipse: J4,JJ,KG,delT,delE   1  772  28    0.43950E-08    0.55937E-03
 TLATS wrote PhoHtout00Nc02.bin5                                                               iret=            0
TFINE: Case= 2  JJJ=    3   14   36    1    0    0    0    5  338    0
 TFINE wrote PhoHtfine02.bin5                                                                  iret=            0
     0.067 seconds at end of season   10 of   10
 Case  2  DTIME: total, user, system=    0.0790    0.0770    0.0020


 ============================= New case =============================
 --------- TYPE LOC  VALUE ------- Parameter Changes
 TCARD: 12-eclip   4.000       1.524       11.27       9376.       3396.      0.3189    
                  0.1000E-02   7000.       12.00       17.00       0.000       1.028    
Version 355 Eclipse test. Mars and Phobos                                           
KRCv3.5.5    RUN-CASE  1- 3   2018 Feb 20 06:12:31  PAGE=  3
 Input file: PhoH.inp                                                                        
 Print file: PhoH.prt                                                                        
 Save file: ./out/PhoH.t52                                                                  
     ALBEDO     EMISS   INERTIA     COND2     DENS2    PERIOD  SpecHeat   DENSITY
     0.2500    1.0000  200.0000    2.7700  928.0000    1.0275  647.0000 1600.0000
       CABR       AMW    SatPrA    PTOTAL     FANON      TATM     TDEEP   SpHeat2
     0.1100   43.5000   27.9546  546.0000    0.0550  200.0000  180.0000 1711.0000
       TAUD     DUSTA    TAURAT     TWILI  ARC2/PHT     [ARC3     SLOPE    SLOAZI
     0.3000    0.9400    0.2040      0.00      0.50      0.80       0.0      90.0
     TFROST    CFROST    AFROST     FEMIS       AF1       AF2    FROEXT    SatPrB
   146.0000  589944.0    0.6500    0.9500   0.54000    0.0009   50.0000 3182.4800
       RLAY      FLAY     CONVF     DEPTH     DRSET    PhotoF       GGT     DTMAX
     1.1500    0.1000    3.0000    0.0000    0.0000    0.0000    0.1000    0.1000
       DJUL    DELJUL SOLAR DEC       DAU       L_S    SOLCON      GRAV    Atm_Cp
  -1222.690   17.1748   23.7006   1.66603   70.7857 1368.0000    3.7270  735.9000
     ConUp0    ConUp1    ConUp2    ConUp3    ConLo0    ConLo1    ConLo2    ConLo3
     0.0386   -0.0021    0.0023   -0.0008    2.7667   -1.2990    0.6292   -0.5273
     SphUp0    SphUp1    SphUp2    SphUp3    SphLo0    SphLo1    SphLo2    SphLo3
   646.6275  246.6678  -49.8216    7.9520 1710.6480  721.8740   57.4487   24.3753
         N1        N2        N3        N4        N5       N24       IIB       IC2
         28      1536        15         3        10        96         0       999
      NRSET      NMHA      NRUN     JDISK     IDOWN    FlxP14    FlxP15     KPREF
          3        24         1         1         0        45        65         1
      K4OUT     JBARE     Notif    IDISK2
         -1      9999         5         0
     LP1    LP2    LP3    LP4    LP5    LP6 LPGLOB   LVFA   LVFT  LKofT
       F      T      F      F      F      F      F      F      F      F
   LPORB   LKEY    LSC  LZONE  LOCAL   LD16 LPTAVE  Prt78  Prt79  L_ONE
       T      F      F      F      T      F      F      T      F      F

 Latitudes: 
    0.00  30.00  60.00

 Elevations:
    1.22   1.17   0.17
 Eclipse or PlanHeat on     4.000     0.000
LZONE,LALCON,JJH, IK1:4=  F  T   999     1     0     0     0
 Time-doubling fraction:  0.23444735    
 1.035E+06=Dens*Cp   3.733E-08=Diffu.      0.0325=Scale      200.00=Inertia
         ___THICKNESS____    __CENTER_DEPTH__  Conductiv. Density Sp.Heat     Total Converg.
 LAYER  D_scale     meter   D_scale     meter      W/m-K   kg/m^3   J/kg     kg/m^2  factor
    1    0.0870    0.0028   -0.0435   -0.0014 0.3864E-01  1600.00  647.00     0.000   0.000
    2    0.1000    0.0032    0.0500    0.0016 0.3864E-01  1600.00  647.00     5.196   2.445
    3    0.1150    0.0037    0.1575    0.0051 0.3864E-01  1600.00  647.00    11.172   3.233
    4    0.1322    0.0043    0.2811    0.0091 0.3864E-01  1600.00  647.00    18.044   4.276
    5    0.1521    0.0049    0.4233    0.0137 0.3864E-01  1600.00  647.00    25.947   5.655
    6    0.1749    0.0057    0.5868    0.0191 0.3864E-01  1600.00  647.00    35.036   3.739
    7    0.2011    0.0065    0.7748    0.0252 0.3864E-01  1600.00  647.00    45.488   4.945
    8    0.2313    0.0075    0.9910    0.0322 0.3864E-01  1600.00  647.00    57.507   3.270
    9    0.2660    0.0086    1.2397    0.0403 0.3864E-01  1600.00  647.00    71.329   4.324
   10    0.3059    0.0099    1.5256    0.0495 0.3864E-01  1600.00  647.00    87.225   5.719
   11    0.3518    0.0114    1.8545    0.0602 0.3864E-01  1600.00  647.00   105.505   3.782
   12    0.4046    0.0131    2.2326    0.0725 0.3864E-01  1600.00  647.00   126.527   5.001
   13    0.4652    0.0151    2.6675    0.0866 0.3864E-01  1600.00  647.00   150.703   3.307
   14    0.5350    0.0174    3.1677    0.1029 0.3864E-01  1600.00  647.00   178.505   4.374
   15    0.6153    0.0200    3.7428    0.1216 0.3864E-01  1600.00  647.00   210.477   5.784
   16    0.7076    0.0230    4.4043    0.1430 0.3864E-01  1600.00  647.00   247.245   3.825
   17    0.8137    0.0264    5.1649    0.1677 0.3864E-01  1600.00  647.00   289.528   5.058
   18    0.9358    0.0304    6.0396    0.1962 0.3864E-01  1600.00  647.00   338.153   3.345
   19    1.0761    0.0349    7.0456    0.2288 0.3864E-01  1600.00  647.00   394.072   4.423
   20    1.2375    0.0402    8.2024    0.2664 0.3864E-01  1600.00  647.00   458.380   5.850
   21    1.4232    0.0462    9.5328    0.3096 0.3864E-01  1600.00  647.00   532.333   3.868
   22    1.6367    0.0532   11.0627    0.3593 0.3864E-01  1600.00  647.00   617.379   5.116
   23    1.8822    0.0611   12.8221    0.4164 0.3864E-01  1600.00  647.00   715.182   3.383
   24    2.1645    0.0703   14.8454    0.4821 0.3864E-01  1600.00  647.00   827.656   4.474
   25    2.4891    0.0808   17.1722    0.5577 0.3864E-01  1600.00  647.00   957.001   5.917
   26    2.8625    0.0930   19.8480    0.6446 0.3864E-01  1600.00  647.00  1105.747   3.912
   27    3.2919    0.1069   22.9252    0.7445 0.3864E-01  1600.00  647.00  1276.806   5.174
   28    3.7857    0.1229   26.4640    0.8595 0.3864E-01  1600.00  647.00  1473.523   6.843
 Bottom                     28.3569    0.9210
 Lower layer of time doubling:   5  7 10 12 15 17 20 22 25 28
TFINE layers: Num,lowest center[m]   99    0.6316
 TFINE low lay of time doubli:  16 26 36 46 56 65 75 85 95 99
   -778      3     10      4     15    767    769     99
   -777      3     10      1     15    767    769    771     99   T
End eclipse: J4,JJ,KG,delT,delE   1  772  25    0.30630E-02     256.33    
 TLATS wrote PhoHtout00Nc03.bin5                                                               iret=            0
TFINE: Case= 3  JJJ=    3   18   64    1    0    0    0    5  391    0
 TFINE wrote PhoHtfine03.bin5                                                                  iret=            0
     0.067 seconds at end of season   10 of   10
 Case  3  DTIME: total, user, system=    0.0770    0.0770    0.0000


 ============================= New case =============================
 --------- TYPE LOC  VALUE ------- Parameter Changes
 TCARD: 12-eclip   7.000       1.524       11.27       9376.       3396.      0.3189    
                  0.1000E-02   7000.       12.00       17.00       0.000       1.028    
Version 355 Eclipse test. Mars and Phobos                                           
KRCv3.5.5    RUN-CASE  1- 4   2018 Feb 20 06:12:31  PAGE=  4
 Input file: PhoH.inp                                                                        
 Print file: PhoH.prt                                                                        
 Save file: ./out/PhoH.t52                                                                  
     ALBEDO     EMISS   INERTIA     COND2     DENS2    PERIOD  SpecHeat   DENSITY
     0.2500    1.0000  200.0000    2.7700  928.0000    1.0275  647.0000 1600.0000
       CABR       AMW    SatPrA    PTOTAL     FANON      TATM     TDEEP   SpHeat2
     0.1100   43.5000   27.9546  546.0000    0.0550  200.0000  180.0000 1711.0000
       TAUD     DUSTA    TAURAT     TWILI  ARC2/PHT     [ARC3     SLOPE    SLOAZI
     0.3000    0.9400    0.2040      0.00      0.50      0.80       0.0      90.0
     TFROST    CFROST    AFROST     FEMIS       AF1       AF2    FROEXT    SatPrB
   146.0000  589944.0    0.6500    0.9500   0.54000    0.0009   50.0000 3182.4800
       RLAY      FLAY     CONVF     DEPTH     DRSET    PhotoF       GGT     DTMAX
     1.1500    0.1000    3.0000    0.0000    0.0000    0.0000    0.1000    0.1000
       DJUL    DELJUL SOLAR DEC       DAU       L_S    SOLCON      GRAV    Atm_Cp
  -1222.690   17.1748   23.7006   1.66603   70.7857 1368.0000    3.7270  735.9000
     ConUp0    ConUp1    ConUp2    ConUp3    ConLo0    ConLo1    ConLo2    ConLo3
     0.0386   -0.0021    0.0023   -0.0008    2.7667   -1.2990    0.6292   -0.5273
     SphUp0    SphUp1    SphUp2    SphUp3    SphLo0    SphLo1    SphLo2    SphLo3
   646.6275  246.6678  -49.8216    7.9520 1710.6480  721.8740   57.4487   24.3753
         N1        N2        N3        N4        N5       N24       IIB       IC2
         28      1536        15         3        10        96         0       999
      NRSET      NMHA      NRUN     JDISK     IDOWN    FlxP14    FlxP15     KPREF
          3        24         1         1         0        45        65         1
      K4OUT     JBARE     Notif    IDISK2
         -1      9999         5         0
     LP1    LP2    LP3    LP4    LP5    LP6 LPGLOB   LVFA   LVFT  LKofT
       F      T      F      F      F      F      F      F      F      F
   LPORB   LKEY    LSC  LZONE  LOCAL   LD16 LPTAVE  Prt78  Prt79  L_ONE
       T      F      F      F      T      F      F      T      F      F

 Latitudes: 
    0.00  30.00  60.00

 Elevations:
    1.22   1.17   0.17
 Eclipse or PlanHeat on     7.000     0.000
LZONE,LALCON,JJH, IK1:4=  F  T   999     1     0     0     0
 Time-doubling fraction:  0.23444735    
 1.035E+06=Dens*Cp   3.733E-08=Diffu.      0.0325=Scale      200.00=Inertia
         ___THICKNESS____    __CENTER_DEPTH__  Conductiv. Density Sp.Heat     Total Converg.
 LAYER  D_scale     meter   D_scale     meter      W/m-K   kg/m^3   J/kg     kg/m^2  factor
    1    0.0870    0.0028   -0.0435   -0.0014 0.3864E-01  1600.00  647.00     0.000   0.000
    2    0.1000    0.0032    0.0500    0.0016 0.3864E-01  1600.00  647.00     5.196   2.445
    3    0.1150    0.0037    0.1575    0.0051 0.3864E-01  1600.00  647.00    11.172   3.233
    4    0.1322    0.0043    0.2811    0.0091 0.3864E-01  1600.00  647.00    18.044   4.276
    5    0.1521    0.0049    0.4233    0.0137 0.3864E-01  1600.00  647.00    25.947   5.655
    6    0.1749    0.0057    0.5868    0.0191 0.3864E-01  1600.00  647.00    35.036   3.739
    7    0.2011    0.0065    0.7748    0.0252 0.3864E-01  1600.00  647.00    45.488   4.945
    8    0.2313    0.0075    0.9910    0.0322 0.3864E-01  1600.00  647.00    57.507   3.270
    9    0.2660    0.0086    1.2397    0.0403 0.3864E-01  1600.00  647.00    71.329   4.324
   10    0.3059    0.0099    1.5256    0.0495 0.3864E-01  1600.00  647.00    87.225   5.719
   11    0.3518    0.0114    1.8545    0.0602 0.3864E-01  1600.00  647.00   105.505   3.782
   12    0.4046    0.0131    2.2326    0.0725 0.3864E-01  1600.00  647.00   126.527   5.001
   13    0.4652    0.0151    2.6675    0.0866 0.3864E-01  1600.00  647.00   150.703   3.307
   14    0.5350    0.0174    3.1677    0.1029 0.3864E-01  1600.00  647.00   178.505   4.374
   15    0.6153    0.0200    3.7428    0.1216 0.3864E-01  1600.00  647.00   210.477   5.784
   16    0.7076    0.0230    4.4043    0.1430 0.3864E-01  1600.00  647.00   247.245   3.825
   17    0.8137    0.0264    5.1649    0.1677 0.3864E-01  1600.00  647.00   289.528   5.058
   18    0.9358    0.0304    6.0396    0.1962 0.3864E-01  1600.00  647.00   338.153   3.345
   19    1.0761    0.0349    7.0456    0.2288 0.3864E-01  1600.00  647.00   394.072   4.423
   20    1.2375    0.0402    8.2024    0.2664 0.3864E-01  1600.00  647.00   458.380   5.850
   21    1.4232    0.0462    9.5328    0.3096 0.3864E-01  1600.00  647.00   532.333   3.868
   22    1.6367    0.0532   11.0627    0.3593 0.3864E-01  1600.00  647.00   617.379   5.116
   23    1.8822    0.0611   12.8221    0.4164 0.3864E-01  1600.00  647.00   715.182   3.383
   24    2.1645    0.0703   14.8454    0.4821 0.3864E-01  1600.00  647.00   827.656   4.474
   25    2.4891    0.0808   17.1722    0.5577 0.3864E-01  1600.00  647.00   957.001   5.917
   26    2.8625    0.0930   19.8480    0.6446 0.3864E-01  1600.00  647.00  1105.747   3.912
   27    3.2919    0.1069   22.9252    0.7445 0.3864E-01  1600.00  647.00  1276.806   5.174
   28    3.7857    0.1229   26.4640    0.8595 0.3864E-01  1600.00  647.00  1473.523   6.843
 Bottom                     28.3569    0.9210
 Lower layer of time doubling:   5  7 10 12 15 17 20 22 25 28
TFINE layers: Num,lowest center[m]   99    0.1300
 TFINE low lay of time doubli:  27 44 62 79 96 99
   -778      4     10      4     15    767    769     99
   -777      4     10      1     15    767    769    771     99   T
End eclipse: J4,JJ,KG,delT,delE   1  772  15    0.17992E-02     37.218    
 TLATS wrote PhoHtout00Nc04.bin5                                                               iret=            0
TFINE: Case= 4  JJJ=    3   20  196    1    0    0    0    5  417    0
 TFINE wrote PhoHtfine04.bin5                                                                  iret=            0
     0.068 seconds at end of season   10 of   10
 Case  4  DTIME: total, user, system=    0.0790    0.0790    0.0000


 ============================= New case =============================
 --------- TYPE LOC  VALUE ------- Parameter Changes
 TCARD:16 Lat+name           0  none
 TCARD: 12-eclip   0.000       1.524       11.27       9376.       3396.      0.3189    
                  0.1000E-02   7000.       12.00       17.00       60.00       1.028    
 Changed>>   1  12  0.1000         Ptotal    PTOTAL  
 Changed>>   1   6  0.3189         Period    PERIOD  
 Changed>>   1   3   50.00        inertia    INERTIA 
Version 355 Eclipse test. Mars and Phobos                                           
KRCv3.5.5    RUN-CASE  1- 5   2018 Feb 20 06:12:31  PAGE=  5
 Input file: PhoH.inp                                                                        
 Print file: PhoH.prt                                                                        
 Save file: ./out/PhoH.t52                                                                  
     ALBEDO     EMISS   INERTIA     COND2     DENS2    PERIOD  SpecHeat   DENSITY
     0.2500    1.0000   50.0000    2.7700  928.0000    0.3189  647.0000 1600.0000
       CABR       AMW    SatPrA    PTOTAL     FANON      TATM     TDEEP   SpHeat2
     0.1100   43.5000   27.9546    0.1000    0.0550  200.0000  180.0000 1711.0000
       TAUD     DUSTA    TAURAT     TWILI  ARC2/PHT     [ARC3     SLOPE    SLOAZI
     0.3000    0.9400    0.2040      0.00      0.50      0.80       0.0      90.0
     TFROST    CFROST    AFROST     FEMIS       AF1       AF2    FROEXT    SatPrB
   146.0000  589944.0    0.6500    0.9500   0.54000    0.0009   50.0000 3182.4800
       RLAY      FLAY     CONVF     DEPTH     DRSET    PhotoF       GGT     DTMAX
     1.1500    0.1000    3.0000    0.0000    0.0000    0.0000    0.1000    0.1000
       DJUL    DELJUL SOLAR DEC       DAU       L_S    SOLCON      GRAV    Atm_Cp
  -1222.690   17.1748   23.7006   1.66603   70.7857 1368.0000    3.7270  735.9000
     ConUp0    ConUp1    ConUp2    ConUp3    ConLo0    ConLo1    ConLo2    ConLo3
     0.0386   -0.0021    0.0023   -0.0008    2.7667   -1.2990    0.6292   -0.5273
     SphUp0    SphUp1    SphUp2    SphUp3    SphLo0    SphLo1    SphLo2    SphLo3
   646.6275  246.6678  -49.8216    7.9520 1710.6480  721.8740   57.4487   24.3753
         N1        N2        N3        N4        N5       N24       IIB       IC2
         28      1536        15         3        10        96         0       999
      NRSET      NMHA      NRUN     JDISK     IDOWN    FlxP14    FlxP15     KPREF
          3        24         1         1         0        45        65         1
      K4OUT     JBARE     Notif    IDISK2
         -1      9999         5         0
     LP1    LP2    LP3    LP4    LP5    LP6 LPGLOB   LVFA   LVFT  LKofT
       F      T      F      F      F      F      F      F      F      F
   LPORB   LKEY    LSC  LZONE  LOCAL   LD16 LPTAVE  Prt78  Prt79  L_ONE
       T      F      F      F      T      F      F      T      F      F

 Latitudes: 
    0.00  30.00  60.00

 Elevations:
    1.22   1.17   0.17
LZONE,LALCON,JJH, IK1:4=  F  T   999     1     0     0     0
 Time-doubling fraction:  0.23444735    
 1.035E+06=Dens*Cp   2.333E-09=Diffu.      0.0045=Scale       50.00=Inertia
         ___THICKNESS____    __CENTER_DEPTH__  Conductiv. Density Sp.Heat     Total Converg.
 LAYER  D_scale     meter   D_scale     meter      W/m-K   kg/m^3   J/kg     kg/m^2  factor
    1    0.0870    0.0004   -0.0435   -0.0002 0.2415E-02  1600.00  647.00     0.000   0.000
    2    0.1000    0.0005    0.0500    0.0002 0.2415E-02  1600.00  647.00     0.724   2.445
    3    0.1150    0.0005    0.1575    0.0007 0.2415E-02  1600.00  647.00     1.556   3.233
    4    0.1322    0.0006    0.2811    0.0013 0.2415E-02  1600.00  647.00     2.513   4.276
    5    0.1521    0.0007    0.4233    0.0019 0.2415E-02  1600.00  647.00     3.614   5.655
    6    0.1749    0.0008    0.5868    0.0027 0.2415E-02  1600.00  647.00     4.880   3.739
    7    0.2011    0.0009    0.7748    0.0035 0.2415E-02  1600.00  647.00     6.335   4.945
    8    0.2313    0.0010    0.9910    0.0045 0.2415E-02  1600.00  647.00     8.009   3.270
    9    0.2660    0.0012    1.2397    0.0056 0.2415E-02  1600.00  647.00     9.934   4.324
   10    0.3059    0.0014    1.5256    0.0069 0.2415E-02  1600.00  647.00    12.148   5.719
   11    0.3518    0.0016    1.8545    0.0084 0.2415E-02  1600.00  647.00    14.694   3.782
   12    0.4046    0.0018    2.2326    0.0101 0.2415E-02  1600.00  647.00    17.622   5.001
   13    0.4652    0.0021    2.6675    0.0121 0.2415E-02  1600.00  647.00    20.989   3.307
   14    0.5350    0.0024    3.1677    0.0143 0.2415E-02  1600.00  647.00    24.861   4.374
   15    0.6153    0.0028    3.7428    0.0169 0.2415E-02  1600.00  647.00    29.314   5.784
   16    0.7076    0.0032    4.4043    0.0199 0.2415E-02  1600.00  647.00    34.435   3.825
   17    0.8137    0.0037    5.1649    0.0234 0.2415E-02  1600.00  647.00    40.324   5.058
   18    0.9358    0.0042    6.0396    0.0273 0.2415E-02  1600.00  647.00    47.097   3.345
   19    1.0761    0.0049    7.0456    0.0319 0.2415E-02  1600.00  647.00    54.885   4.423
   20    1.2375    0.0056    8.2024    0.0371 0.2415E-02  1600.00  647.00    63.841   5.850
   21    1.4232    0.0064    9.5328    0.0431 0.2415E-02  1600.00  647.00    74.141   3.868
   22    1.6367    0.0074   11.0627    0.0500 0.2415E-02  1600.00  647.00    85.986   5.116
   23    1.8822    0.0085   12.8221    0.0580 0.2415E-02  1600.00  647.00    99.608   3.383
   24    2.1645    0.0098   14.8454    0.0672 0.2415E-02  1600.00  647.00   115.273   4.474
   25    2.4891    0.0113   17.1722    0.0777 0.2415E-02  1600.00  647.00   133.287   5.917
   26    2.8625    0.0129   19.8480    0.0898 0.2415E-02  1600.00  647.00   154.004   3.912
   27    3.2919    0.0149   22.9252    0.1037 0.2415E-02  1600.00  647.00   177.828   5.174
   28    3.7857    0.0171   26.4640    0.1197 0.2415E-02  1600.00  647.00   205.226   6.843
 Bottom                     28.3569    0.1283
 Lower layer of time doubling:   5  7 10 12 15 17 20 22 25 28
     0.038 seconds at end of season   10 of   10
 Case  5  DTIME: total, user, system=    0.0390    0.0380    0.0010


 ============================= New case =============================
 --------- TYPE LOC  VALUE ------- Parameter Changes
 TCARD: 12-eclip   1.000       1.524       3396.       9376.       11.27      0.3189    
                  0.1000E-02   7000.       12.00       17.00       0.000      0.3189    
 TCARD:16 Lat+name           1  00N
Version 355 Eclipse test. Mars and Phobos                                           
KRCv3.5.5    RUN-CASE  1- 6   2018 Feb 20 06:12:31  PAGE=  6
 Input file: PhoH.inp                                                                        
 Print file: PhoH.prt                                                                        
 Save file: ./out/PhoH.t52                                                                  
     ALBEDO     EMISS   INERTIA     COND2     DENS2    PERIOD  SpecHeat   DENSITY
     0.2500    1.0000   50.0000    2.7700  928.0000    0.3189  647.0000 1600.0000
       CABR       AMW    SatPrA    PTOTAL     FANON      TATM     TDEEP   SpHeat2
     0.1100   43.5000   27.9546    0.1000    0.0550  200.0000  180.0000 1711.0000
       TAUD     DUSTA    TAURAT     TWILI  ARC2/PHT     [ARC3     SLOPE    SLOAZI
     0.3000    0.9400    0.2040      0.00      0.50      0.80       0.0      90.0
     TFROST    CFROST    AFROST     FEMIS       AF1       AF2    FROEXT    SatPrB
   146.0000  589944.0    0.6500    0.9500   0.54000    0.0009   50.0000 3182.4800
       RLAY      FLAY     CONVF     DEPTH     DRSET    PhotoF       GGT     DTMAX
     1.1500    0.1000    3.0000    0.0000    0.0000    0.0000    0.1000    0.1000
       DJUL    DELJUL SOLAR DEC       DAU       L_S    SOLCON      GRAV    Atm_Cp
  -1222.690   17.1748   23.7006   1.66603   70.7857 1368.0000    3.7270  735.9000
     ConUp0    ConUp1    ConUp2    ConUp3    ConLo0    ConLo1    ConLo2    ConLo3
     0.0386   -0.0021    0.0023   -0.0008    2.7667   -1.2990    0.6292   -0.5273
     SphUp0    SphUp1    SphUp2    SphUp3    SphLo0    SphLo1    SphLo2    SphLo3
   646.6275  246.6678  -49.8216    7.9520 1710.6480  721.8740   57.4487   24.3753
         N1        N2        N3        N4        N5       N24       IIB       IC2
         28      1536        15         3        10        96         0       999
      NRSET      NMHA      NRUN     JDISK     IDOWN    FlxP14    FlxP15     KPREF
          3        24         1         1         0        45        65         1
      K4OUT     JBARE     Notif    IDISK2
         -1      9999         5         0
     LP1    LP2    LP3    LP4    LP5    LP6 LPGLOB   LVFA   LVFT  LKofT
       F      T      F      F      F      F      F      F      F      F
   LPORB   LKEY    LSC  LZONE  LOCAL   LD16 LPTAVE  Prt78  Prt79  L_ONE
       T      F      F      F      T      F      F      T      F      F

 Latitudes: 
    0.00  30.00  60.00

 Elevations:
    1.22   1.17   0.17
 Eclipse or PlanHeat on     1.000     0.000
LZONE,LALCON,JJH, IK1:4=  F  T   999     1     0     0     0
 Time-doubling fraction:  0.23444735    
 1.035E+06=Dens*Cp   2.333E-09=Diffu.      0.0045=Scale       50.00=Inertia
         ___THICKNESS____    __CENTER_DEPTH__  Conductiv. Density Sp.Heat     Total Converg.
 LAYER  D_scale     meter   D_scale     meter      W/m-K   kg/m^3   J/kg     kg/m^2  factor
    1    0.0870    0.0004   -0.0435   -0.0002 0.2415E-02  1600.00  647.00     0.000   0.000
    2    0.1000    0.0005    0.0500    0.0002 0.2415E-02  1600.00  647.00     0.724   2.445
    3    0.1150    0.0005    0.1575    0.0007 0.2415E-02  1600.00  647.00     1.556   3.233
    4    0.1322    0.0006    0.2811    0.0013 0.2415E-02  1600.00  647.00     2.513   4.276
    5    0.1521    0.0007    0.4233    0.0019 0.2415E-02  1600.00  647.00     3.614   5.655
    6    0.1749    0.0008    0.5868    0.0027 0.2415E-02  1600.00  647.00     4.880   3.739
    7    0.2011    0.0009    0.7748    0.0035 0.2415E-02  1600.00  647.00     6.335   4.945
    8    0.2313    0.0010    0.9910    0.0045 0.2415E-02  1600.00  647.00     8.009   3.270
    9    0.2660    0.0012    1.2397    0.0056 0.2415E-02  1600.00  647.00     9.934   4.324
   10    0.3059    0.0014    1.5256    0.0069 0.2415E-02  1600.00  647.00    12.148   5.719
   11    0.3518    0.0016    1.8545    0.0084 0.2415E-02  1600.00  647.00    14.694   3.782
   12    0.4046    0.0018    2.2326    0.0101 0.2415E-02  1600.00  647.00    17.622   5.001
   13    0.4652    0.0021    2.6675    0.0121 0.2415E-02  1600.00  647.00    20.989   3.307
   14    0.5350    0.0024    3.1677    0.0143 0.2415E-02  1600.00  647.00    24.861   4.374
   15    0.6153    0.0028    3.7428    0.0169 0.2415E-02  1600.00  647.00    29.314   5.784
   16    0.7076    0.0032    4.4043    0.0199 0.2415E-02  1600.00  647.00    34.435   3.825
   17    0.8137    0.0037    5.1649    0.0234 0.2415E-02  1600.00  647.00    40.324   5.058
   18    0.9358    0.0042    6.0396    0.0273 0.2415E-02  1600.00  647.00    47.097   3.345
   19    1.0761    0.0049    7.0456    0.0319 0.2415E-02  1600.00  647.00    54.885   4.423
   20    1.2375    0.0056    8.2024    0.0371 0.2415E-02  1600.00  647.00    63.841   5.850
   21    1.4232    0.0064    9.5328    0.0431 0.2415E-02  1600.00  647.00    74.141   3.868
   22    1.6367    0.0074   11.0627    0.0500 0.2415E-02  1600.00  647.00    85.986   5.116
   23    1.8822    0.0085   12.8221    0.0580 0.2415E-02  1600.00  647.00    99.608   3.383
   24    2.1645    0.0098   14.8454    0.0672 0.2415E-02  1600.00  647.00   115.273   4.474
   25    2.4891    0.0113   17.1722    0.0777 0.2415E-02  1600.00  647.00   133.287   5.917
   26    2.8625    0.0129   19.8480    0.0898 0.2415E-02  1600.00  647.00   154.004   3.912
   27    3.2919    0.0149   22.9252    0.1037 0.2415E-02  1600.00  647.00   177.828   5.174
   28    3.7857    0.0171   26.4640    0.1197 0.2415E-02  1600.00  647.00   205.226   6.843
 Bottom                     28.3569    0.1283
 Lower layer of time doubling:   5  7 10 12 15 17 20 22 25 28
 TLATS wrote PhoHtout00Nc06.bin5                                                               iret=            0
     0.045 seconds at end of season   10 of   10
 Case  6  DTIME: total, user, system=    0.0460    0.0460    0.0000


 ============================= New case =============================
 --------- TYPE LOC  VALUE ------- Parameter Changes
 TCARD: 12-eclip   2.000       1.524       3396.       9376.       11.27      0.3189    
                  0.1000E-02   7000.       12.00       17.00       0.000      0.3189    
Version 355 Eclipse test. Mars and Phobos                                           
KRCv3.5.5    RUN-CASE  1- 7   2018 Feb 20 06:12:31  PAGE=  7
 Input file: PhoH.inp                                                                        
 Print file: PhoH.prt                                                                        
 Save file: ./out/PhoH.t52                                                                  
     ALBEDO     EMISS   INERTIA     COND2     DENS2    PERIOD  SpecHeat   DENSITY
     0.2500    1.0000   50.0000    2.7700  928.0000    0.3189  647.0000 1600.0000
       CABR       AMW    SatPrA    PTOTAL     FANON      TATM     TDEEP   SpHeat2
     0.1100   43.5000   27.9546    0.1000    0.0550  200.0000  180.0000 1711.0000
       TAUD     DUSTA    TAURAT     TWILI  ARC2/PHT     [ARC3     SLOPE    SLOAZI
     0.3000    0.9400    0.2040      0.00      0.50      0.80       0.0      90.0
     TFROST    CFROST    AFROST     FEMIS       AF1       AF2    FROEXT    SatPrB
   146.0000  589944.0    0.6500    0.9500   0.54000    0.0009   50.0000 3182.4800
       RLAY      FLAY     CONVF     DEPTH     DRSET    PhotoF       GGT     DTMAX
     1.1500    0.1000    3.0000    0.0000    0.0000    0.0000    0.1000    0.1000
       DJUL    DELJUL SOLAR DEC       DAU       L_S    SOLCON      GRAV    Atm_Cp
  -1222.690   17.1748   23.7006   1.66603   70.7857 1368.0000    3.7270  735.9000
     ConUp0    ConUp1    ConUp2    ConUp3    ConLo0    ConLo1    ConLo2    ConLo3
     0.0386   -0.0021    0.0023   -0.0008    2.7667   -1.2990    0.6292   -0.5273
     SphUp0    SphUp1    SphUp2    SphUp3    SphLo0    SphLo1    SphLo2    SphLo3
   646.6275  246.6678  -49.8216    7.9520 1710.6480  721.8740   57.4487   24.3753
         N1        N2        N3        N4        N5       N24       IIB       IC2
         28      1536        15         3        10        96         0       999
      NRSET      NMHA      NRUN     JDISK     IDOWN    FlxP14    FlxP15     KPREF
          3        24         1         1         0        45        65         1
      K4OUT     JBARE     Notif    IDISK2
         -1      9999         5         0
     LP1    LP2    LP3    LP4    LP5    LP6 LPGLOB   LVFA   LVFT  LKofT
       F      T      F      F      F      F      F      F      F      F
   LPORB   LKEY    LSC  LZONE  LOCAL   LD16 LPTAVE  Prt78  Prt79  L_ONE
       T      F      F      F      T      F      F      T      F      F

 Latitudes: 
    0.00  30.00  60.00

 Elevations:
    1.22   1.17   0.17
 Eclipse or PlanHeat on     2.000     0.000
LZONE,LALCON,JJH, IK1:4=  F  T   999     1     0     0     0
 Time-doubling fraction:  0.23444735    
 1.035E+06=Dens*Cp   2.333E-09=Diffu.      0.0045=Scale       50.00=Inertia
         ___THICKNESS____    __CENTER_DEPTH__  Conductiv. Density Sp.Heat     Total Converg.
 LAYER  D_scale     meter   D_scale     meter      W/m-K   kg/m^3   J/kg     kg/m^2  factor
    1    0.0870    0.0004   -0.0435   -0.0002 0.2415E-02  1600.00  647.00     0.000   0.000
    2    0.1000    0.0005    0.0500    0.0002 0.2415E-02  1600.00  647.00     0.724   2.445
    3    0.1150    0.0005    0.1575    0.0007 0.2415E-02  1600.00  647.00     1.556   3.233
    4    0.1322    0.0006    0.2811    0.0013 0.2415E-02  1600.00  647.00     2.513   4.276
    5    0.1521    0.0007    0.4233    0.0019 0.2415E-02  1600.00  647.00     3.614   5.655
    6    0.1749    0.0008    0.5868    0.0027 0.2415E-02  1600.00  647.00     4.880   3.739
    7    0.2011    0.0009    0.7748    0.0035 0.2415E-02  1600.00  647.00     6.335   4.945
    8    0.2313    0.0010    0.9910    0.0045 0.2415E-02  1600.00  647.00     8.009   3.270
    9    0.2660    0.0012    1.2397    0.0056 0.2415E-02  1600.00  647.00     9.934   4.324
   10    0.3059    0.0014    1.5256    0.0069 0.2415E-02  1600.00  647.00    12.148   5.719
   11    0.3518    0.0016    1.8545    0.0084 0.2415E-02  1600.00  647.00    14.694   3.782
   12    0.4046    0.0018    2.2326    0.0101 0.2415E-02  1600.00  647.00    17.622   5.001
   13    0.4652    0.0021    2.6675    0.0121 0.2415E-02  1600.00  647.00    20.989   3.307
   14    0.5350    0.0024    3.1677    0.0143 0.2415E-02  1600.00  647.00    24.861   4.374
   15    0.6153    0.0028    3.7428    0.0169 0.2415E-02  1600.00  647.00    29.314   5.784
   16    0.7076    0.0032    4.4043    0.0199 0.2415E-02  1600.00  647.00    34.435   3.825
   17    0.8137    0.0037    5.1649    0.0234 0.2415E-02  1600.00  647.00    40.324   5.058
   18    0.9358    0.0042    6.0396    0.0273 0.2415E-02  1600.00  647.00    47.097   3.345
   19    1.0761    0.0049    7.0456    0.0319 0.2415E-02  1600.00  647.00    54.885   4.423
   20    1.2375    0.0056    8.2024    0.0371 0.2415E-02  1600.00  647.00    63.841   5.850
   21    1.4232    0.0064    9.5328    0.0431 0.2415E-02  1600.00  647.00    74.141   3.868
   22    1.6367    0.0074   11.0627    0.0500 0.2415E-02  1600.00  647.00    85.986   5.116
   23    1.8822    0.0085   12.8221    0.0580 0.2415E-02  1600.00  647.00    99.608   3.383
   24    2.1645    0.0098   14.8454    0.0672 0.2415E-02  1600.00  647.00   115.273   4.474
   25    2.4891    0.0113   17.1722    0.0777 0.2415E-02  1600.00  647.00   133.287   5.917
   26    2.8625    0.0129   19.8480    0.0898 0.2415E-02  1600.00  647.00   154.004   3.912
   27    3.2919    0.0149   22.9252    0.1037 0.2415E-02  1600.00  647.00   177.828   5.174
   28    3.7857    0.0171   26.4640    0.1197 0.2415E-02  1600.00  647.00   205.226   6.843
 Bottom                     28.3569    0.1283
 Lower layer of time doubling:   5  7 10 12 15 17 20 22 25 28
TFINE layers: Num,lowest center[m]   55    0.1238
 TFINE low lay of time doubli:   8 13 18 23 28 33 38 43 48 53 55
   -778      7     10      4      8    676    860     55
   -777      7     10      1      8    676    860   1044     55   T
End eclipse: J4,JJ,KG,delT,delE   1 1045  28   -0.14259E-01    -252.76    
 TLATS wrote PhoHtout00Nc07.bin5                                                               iret=            0
   -777      7     10      2      3    676    860   1044     55   T
End eclipse: J4,JJ,KG,delT,delE   2 1045  28    0.15505E-02     27.485    
   -777      7     10      3      3    676    860   1044     55   T
End eclipse: J4,JJ,KG,delT,delE   3 1045  28   -0.18985E-01    -336.53    
TFINE: Case= 7  JJJ=    3   10 1472    3    0    0    0    5  310    0
 TFINE wrote PhoHtfine07.bin5                                                                  iret=            0
     0.047 seconds at end of season   10 of   10
 Case  7  DTIME: total, user, system=    0.0570    0.0560    0.0010


 ============================= New case =============================
 --------- TYPE LOC  VALUE ------- Parameter Changes
 TCARD: 12-eclip   3.000       1.524       3396.       9376.       11.27      0.3189    
                  0.9500       7000.       12.00       17.00       0.000      0.3189    
Version 355 Eclipse test. Mars and Phobos                                           
KRCv3.5.5    RUN-CASE  1- 8   2018 Feb 20 06:12:31  PAGE=  8
 Input file: PhoH.inp                                                                        
 Print file: PhoH.prt                                                                        
 Save file: ./out/PhoH.t52                                                                  
     ALBEDO     EMISS   INERTIA     COND2     DENS2    PERIOD  SpecHeat   DENSITY
     0.2500    1.0000   50.0000    2.7700  928.0000    0.3189  647.0000 1600.0000
       CABR       AMW    SatPrA    PTOTAL     FANON      TATM     TDEEP   SpHeat2
     0.1100   43.5000   27.9546    0.1000    0.0550  200.0000  180.0000 1711.0000
       TAUD     DUSTA    TAURAT     TWILI  ARC2/PHT     [ARC3     SLOPE    SLOAZI
     0.3000    0.9400    0.2040      0.00      0.50      0.80       0.0      90.0
     TFROST    CFROST    AFROST     FEMIS       AF1       AF2    FROEXT    SatPrB
   146.0000  589944.0    0.6500    0.9500   0.54000    0.0009   50.0000 3182.4800
       RLAY      FLAY     CONVF     DEPTH     DRSET    PhotoF       GGT     DTMAX
     1.1500    0.1000    3.0000    0.0000    0.0000    0.0000    0.1000    0.1000
       DJUL    DELJUL SOLAR DEC       DAU       L_S    SOLCON      GRAV    Atm_Cp
  -1222.690   17.1748   23.7006   1.66603   70.7857 1368.0000    3.7270  735.9000
     ConUp0    ConUp1    ConUp2    ConUp3    ConLo0    ConLo1    ConLo2    ConLo3
     0.0386   -0.0021    0.0023   -0.0008    2.7667   -1.2990    0.6292   -0.5273
     SphUp0    SphUp1    SphUp2    SphUp3    SphLo0    SphLo1    SphLo2    SphLo3
   646.6275  246.6678  -49.8216    7.9520 1710.6480  721.8740   57.4487   24.3753
         N1        N2        N3        N4        N5       N24       IIB       IC2
         28      1536        15         3        10        96         0       999
      NRSET      NMHA      NRUN     JDISK     IDOWN    FlxP14    FlxP15     KPREF
          3        24         1         1         0        45        65         1
      K4OUT     JBARE     Notif    IDISK2
         -1      9999         5         0
     LP1    LP2    LP3    LP4    LP5    LP6 LPGLOB   LVFA   LVFT  LKofT
       F      T      F      F      F      F      F      F      F      F
   LPORB   LKEY    LSC  LZONE  LOCAL   LD16 LPTAVE  Prt78  Prt79  L_ONE
       T      F      F      F      T      F      F      T      F      F

 Latitudes: 
    0.00  30.00  60.00

 Elevations:
    1.22   1.17   0.17
 Eclipse or PlanHeat on     3.000     0.000
LZONE,LALCON,JJH, IK1:4=  F  T   999     1     0     0     0
 Time-doubling fraction:  0.23444735    
 1.035E+06=Dens*Cp   2.333E-09=Diffu.      0.0045=Scale       50.00=Inertia
         ___THICKNESS____    __CENTER_DEPTH__  Conductiv. Density Sp.Heat     Total Converg.
 LAYER  D_scale     meter   D_scale     meter      W/m-K   kg/m^3   J/kg     kg/m^2  factor
    1    0.0870    0.0004   -0.0435   -0.0002 0.2415E-02  1600.00  647.00     0.000   0.000
    2    0.1000    0.0005    0.0500    0.0002 0.2415E-02  1600.00  647.00     0.724   2.445
    3    0.1150    0.0005    0.1575    0.0007 0.2415E-02  1600.00  647.00     1.556   3.233
    4    0.1322    0.0006    0.2811    0.0013 0.2415E-02  1600.00  647.00     2.513   4.276
    5    0.1521    0.0007    0.4233    0.0019 0.2415E-02  1600.00  647.00     3.614   5.655
    6    0.1749    0.0008    0.5868    0.0027 0.2415E-02  1600.00  647.00     4.880   3.739
    7    0.2011    0.0009    0.7748    0.0035 0.2415E-02  1600.00  647.00     6.335   4.945
    8    0.2313    0.0010    0.9910    0.0045 0.2415E-02  1600.00  647.00     8.009   3.270
    9    0.2660    0.0012    1.2397    0.0056 0.2415E-02  1600.00  647.00     9.934   4.324
   10    0.3059    0.0014    1.5256    0.0069 0.2415E-02  1600.00  647.00    12.148   5.719
   11    0.3518    0.0016    1.8545    0.0084 0.2415E-02  1600.00  647.00    14.694   3.782
   12    0.4046    0.0018    2.2326    0.0101 0.2415E-02  1600.00  647.00    17.622   5.001
   13    0.4652    0.0021    2.6675    0.0121 0.2415E-02  1600.00  647.00    20.989   3.307
   14    0.5350    0.0024    3.1677    0.0143 0.2415E-02  1600.00  647.00    24.861   4.374
   15    0.6153    0.0028    3.7428    0.0169 0.2415E-02  1600.00  647.00    29.314   5.784
   16    0.7076    0.0032    4.4043    0.0199 0.2415E-02  1600.00  647.00    34.435   3.825
   17    0.8137    0.0037    5.1649    0.0234 0.2415E-02  1600.00  647.00    40.324   5.058
   18    0.9358    0.0042    6.0396    0.0273 0.2415E-02  1600.00  647.00    47.097   3.345
   19    1.0761    0.0049    7.0456    0.0319 0.2415E-02  1600.00  647.00    54.885   4.423
   20    1.2375    0.0056    8.2024    0.0371 0.2415E-02  1600.00  647.00    63.841   5.850
   21    1.4232    0.0064    9.5328    0.0431 0.2415E-02  1600.00  647.00    74.141   3.868
   22    1.6367    0.0074   11.0627    0.0500 0.2415E-02  1600.00  647.00    85.986   5.116
   23    1.8822    0.0085   12.8221    0.0580 0.2415E-02  1600.00  647.00    99.608   3.383
   24    2.1645    0.0098   14.8454    0.0672 0.2415E-02  1600.00  647.00   115.273   4.474
   25    2.4891    0.0113   17.1722    0.0777 0.2415E-02  1600.00  647.00   133.287   5.917
   26    2.8625    0.0129   19.8480    0.0898 0.2415E-02  1600.00  647.00   154.004   3.912
   27    3.2919    0.0149   22.9252    0.1037 0.2415E-02  1600.00  647.00   177.828   5.174
   28    3.7857    0.0171   26.4640    0.1197 0.2415E-02  1600.00  647.00   205.226   6.843
 Bottom                     28.3569    0.1283
 Lower layer of time doubling:   5  7 10 12 15 17 20 22 25 28
TFINE layers: Num,lowest center[m]   82    0.1253
 TFINE low lay of time doubli:  12 20 27 34 42 49 57 64 72 82
   -778      8     10      4      7    737    799     82
   -777      8     10      1      8    737    799    861     82   T
End eclipse: J4,JJ,KG,delT,delE   1  862  28    0.14699E-02     26.057    
 TLATS wrote PhoHtout00Nc08.bin5                                                               iret=            0
   -777      8     10      2      3    738    798    858     82   T
End eclipse: J4,JJ,KG,delT,delE   2  859  28   -0.17386E-03    -3.0820    
   -777      8     10      3      3    738    798    858     82   T
End eclipse: J4,JJ,KG,delT,delE   3  859  28    0.19383E-02     34.360    
TFINE: Case= 8  JJJ=    3   14 1116    3    0    0    0    5  355    0
 TFINE wrote PhoHtfine08.bin5                                                                  iret=            0
     0.047 seconds at end of season   10 of   10
 Case  8  DTIME: total, user, system=    0.0560    0.0550    0.0010


     END OF DATA ON INPUT UNIT
 IDX= 4  JJJ=    5   96    7    3   11    8    0    5   25    0
 Wrote bin5 file type 52: iret=            0
   File name=./out/PhoH.t52
      END KRC   Total time [s]=      0.501
